#
# There is insufficient memory for the Java Runtime Environment to continue.
# Native memory allocation (mmap) failed to map 157286400 bytes for Failed to commit area from 0x000000008f800000 to 0x0000000098e00000 of length 157286400.
# Possible reasons:
#   The system is out of physical RAM or swap space
#   The process is running with CompressedOops enabled, and the Java Heap may be blocking the growth of the native heap
# Possible solutions:
#   Reduce memory load on the system
#   Increase physical memory or swap space
#   Check if swap backing store is full
#   Decrease Java heap size (-Xmx/-Xms)
#   Decrease number of Java threads
#   Decrease Java thread stack sizes (-Xss)
#   Set larger code cache with -XX:ReservedCodeCacheSize=
#   JVM is running with Unscaled Compressed Oops mode in which the Java heap is
#     placed in the first 4GB address space. The Java Heap base address is the
#     maximum limit for the native heap growth. Please use -XX:HeapBaseMinAddress
#     to set the Java Heap base and to place the Java Heap above 4GB virtual address.
# This output file may be truncated or incomplete.
#
#  Out of Memory Error (./src/hotspot/os/windows/os_windows.cpp:3303), pid=2636, tid=9740
#
# JRE version: OpenJDK Runtime Environment (11.0.8+10) (build 11.0.8+10-b944.6842174)
# Java VM: OpenJDK 64-Bit Server VM (11.0.8+10-b944.6842174, mixed mode, tiered, compressed oops, g1 gc, windows-amd64)
# No core dump will be written. Minidumps are not enabled by default on client versions of Windows
#

---------------  S U M M A R Y ------------

Command Line: --add-opens=java.base/java.util=ALL-UNNAMED --add-opens=java.base/java.lang=ALL-UNNAMED --add-opens=java.base/java.lang.invoke=ALL-UNNAMED --add-opens=java.prefs/java.util.prefs=ALL-UNNAMED -Xmx2048m -Dfile.encoding=UTF-8 -Duser.country=GB -Duser.language=en -Duser.variant org.gradle.launcher.daemon.bootstrap.GradleDaemon 6.5

Host: AMD Ryzen 5 4600H with Radeon Graphics         , 12 cores, 7G,  Windows 10 , 64 bit Build 19041 (10.0.19041.928)
Time: Fri May 14 19:59:07 2021 Romance Summer Time elapsed time: 19 seconds (0d 0h 0m 19s)

---------------  T H R E A D  ---------------

Current thread (0x000002f820a55000):  VMThread "VM Thread" [stack: 0x000000fd9ab00000,0x000000fd9ac00000] [id=9740]

Stack: [0x000000fd9ab00000,0x000000fd9ac00000]
[error occurred during error reporting (printing stack bounds), id 0xc0000005, EXCEPTION_ACCESS_VIOLATION (0xc0000005) at pc=0x000002f809ca0dad]

Native frames: (J=compiled Java code, j=interpreted, Vv=VM code, C=native code)
V  [jvm.dll+0x5de50a]
V  [jvm.dll+0x7122f5]
V  [jvm.dll+0x71384d]
V  [jvm.dll+0x713e65]
V  [jvm.dll+0x713e1b]
V  [jvm.dll+0x5dd958]
V  [jvm.dll+0x5de0f8]
C  [ntdll.dll+0xa207f]
C  [ntdll.dll+0x51454]
C  [ntdll.dll+0xa0bae]
C  0x000002f809ca0dad

VM_Operation (0x000000fda60fb710): G1CollectForAllocation, mode: safepoint, requested by thread 0x000002f829648000


---------------  P R O C E S S  ---------------

Threads class SMR info:
_java_thread_list=0x000002f829f53b30, length=174, elements={
0x000002f80632a000, 0x000002f820a58800, 0x000002f820a66000, 0x000002f820a77800,
0x000002f820a7a800, 0x000002f820a7f800, 0x000002f8213d2800, 0x000002f8213d3000,
0x000002f821545000, 0x000002f82154f000, 0x000002f822ea6800, 0x000002f823221000,
0x000002f823212800, 0x000002f82321b000, 0x000002f82317d800, 0x000002f8232ec000,
0x000002f8232c6800, 0x000002f82337f800, 0x000002f82330a000, 0x000002f823382000,
0x000002f82324c000, 0x000002f82324f000, 0x000002f82324b000, 0x000002f823250000,
0x000002f82324a000, 0x000002f82324e000, 0x000002f823250800, 0x000002f82324d800,
0x000002f826b44000, 0x000002f826b40800, 0x000002f826b48800, 0x000002f826b48000,
0x000002f826b43000, 0x000002f826b4c800, 0x000002f826b4d800, 0x000002f826b49800,
0x000002f826b4e800, 0x000002f826b4a800, 0x000002f826b4c000, 0x000002f826b4b000,
0x000002f826b4f000, 0x000002f826143800, 0x000002f826147800, 0x000002f826146800,
0x000002f82614a000, 0x000002f826148000, 0x000002f826145800, 0x000002f826144000,
0x000002f826145000, 0x000002f82614e000, 0x000002f82614e800, 0x000002f826149000,
0x000002f82614f800, 0x000002f82614a800, 0x000002f826150800, 0x000002f826151000,
0x000002f82614c800, 0x000002f82614b800, 0x000002f826152000, 0x000002f82614d000,
0x000002f8263c4000, 0x000002f8263c7800, 0x000002f8263c9000, 0x000002f8263c3800,
0x000002f8263c5000, 0x000002f8263cb800, 0x000002f8263c5800, 0x000002f8263cc000,
0x000002f8263c8000, 0x000002f8263c6800, 0x000002f8263cd000, 0x000002f8263ca000,
0x000002f8263ce000, 0x000002f8263ce800, 0x000002f8263cf800, 0x000002f8263d0800,
0x000002f8263ca800, 0x000002f8263d2000, 0x000002f8263d1000, 0x000002f827162800,
0x000002f827161000, 0x000002f827167000, 0x000002f827166000, 0x000002f827164800,
0x000002f827162000, 0x000002f827167800, 0x000002f827168800, 0x000002f827169800,
0x000002f827163800, 0x000002f82716a000, 0x000002f82716b000, 0x000002f827165000,
0x000002f82716d800, 0x000002f82716e000, 0x000002f82716f000, 0x000002f82716b800,
0x000002f82716c800, 0x000002f827170000, 0x000002f826a23000, 0x000002f826a25800,
0x000002f826a26000, 0x000002f826a21000, 0x000002f826a20800, 0x000002f826a27800,
0x000002f826a22000, 0x000002f826a27000, 0x000002f826a24800, 0x000002f826a28800,
0x000002f826a29800, 0x000002f826a23800, 0x000002f826a2c800, 0x000002f826a2e800,
0x000002f826a2a000, 0x000002f826a2b000, 0x000002f826a2c000, 0x000002f826a2d800,
0x000002f826a2f000, 0x000002f82693d000, 0x000002f826941000, 0x000002f82693f800,
0x000002f826942800, 0x000002f826943800, 0x000002f826942000, 0x000002f826940000,
0x000002f82693e800, 0x000002f82693d800, 0x000002f826949000, 0x000002f826948800,
0x000002f826946000, 0x000002f826946800, 0x000002f826947800, 0x000002f826944000,
0x000002f82694a000, 0x000002f826945000, 0x000002f82694b800, 0x000002f82324c800,
0x000002f829644000, 0x000002f829644800, 0x000002f829643000, 0x000002f82963f000,
0x000002f829642000, 0x000002f829645800, 0x000002f82963f800, 0x000002f829646000,
0x000002f829640800, 0x000002f829647000, 0x000002f829641800, 0x000002f82964a800,
0x000002f829648800, 0x000002f829649800, 0x000002f82964c800, 0x000002f822056000,
0x000002f822052800, 0x000002f822055000, 0x000002f822059800, 0x000002f822057000,
0x000002f822057800, 0x000002f822053800, 0x000002f82205a000, 0x000002f822054800,
0x000002f82205e000, 0x000002f82205c800, 0x000002f822061800, 0x000002f82205b800,
0x000002f82964b000, 0x000002f82964c000, 0x000002f829648000, 0x000002f82c7de800,
0x000002f82c7dd800, 0x000002f82c7d8800, 0x000002f82c7df000, 0x000002f82c7dc800,
0x000002f82c7d9800, 0x000002f82c7e0000
}

Java Threads: ( => current thread )
  0x000002f80632a000 JavaThread "main" [_thread_blocked, id=14396, stack(0x000000fd9a500000,0x000000fd9a600000)]
  0x000002f820a58800 JavaThread "Reference Handler" daemon [_thread_blocked, id=16876, stack(0x000000fd9ac00000,0x000000fd9ad00000)]
  0x000002f820a66000 JavaThread "Finalizer" daemon [_thread_blocked, id=11312, stack(0x000000fd9ad00000,0x000000fd9ae00000)]
  0x000002f820a77800 JavaThread "Signal Dispatcher" daemon [_thread_blocked, id=3740, stack(0x000000fd9ae00000,0x000000fd9af00000)]
  0x000002f820a7a800 JavaThread "Attach Listener" daemon [_thread_blocked, id=9008, stack(0x000000fd9af00000,0x000000fd9b000000)]
  0x000002f820a7f800 JavaThread "C2 CompilerThread0" daemon [_thread_blocked, id=15228, stack(0x000000fd9b000000,0x000000fd9b100000)]
  0x000002f8213d2800 JavaThread "C1 CompilerThread0" daemon [_thread_blocked, id=17028, stack(0x000000fd9b100000,0x000000fd9b200000)]
  0x000002f8213d3000 JavaThread "Sweeper thread" daemon [_thread_blocked, id=7268, stack(0x000000fd9b200000,0x000000fd9b300000)]
  0x000002f821545000 JavaThread "Common-Cleaner" daemon [_thread_blocked, id=15496, stack(0x000000fd9b300000,0x000000fd9b400000)]
  0x000002f82154f000 JavaThread "Service Thread" daemon [_thread_blocked, id=4776, stack(0x000000fd9b400000,0x000000fd9b500000)]
  0x000002f822ea6800 JavaThread "Daemon health stats" [_thread_blocked, id=13632, stack(0x000000fd9b800000,0x000000fd9b900000)]
  0x000002f823221000 JavaThread "Incoming local TCP Connector on port 63341" [_thread_in_native, id=6728, stack(0x000000fd9ba00000,0x000000fd9bb00000)]
  0x000002f823212800 JavaThread "Daemon periodic checks" [_thread_blocked, id=9912, stack(0x000000fd9bb00000,0x000000fd9bc00000)]
  0x000002f82321b000 JavaThread "Daemon" [_thread_blocked, id=15564, stack(0x000000fd9bc00000,0x000000fd9bd00000)]
  0x000002f82317d800 JavaThread "Handler for socket connection from /127.0.0.1:63341 to /127.0.0.1:63344" [_thread_in_native, id=5084, stack(0x000000fd9bd00000,0x000000fd9be00000)]
  0x000002f8232ec000 JavaThread "Cancel handler" [_thread_blocked, id=4392, stack(0x000000fd9be00000,0x000000fd9bf00000)]
  0x000002f8232c6800 JavaThread "Daemon worker" [_thread_blocked, id=12200, stack(0x000000fd9bf00000,0x000000fd9c000000)]
  0x000002f82337f800 JavaThread "Asynchronous log dispatcher for DefaultDaemonConnection: socket connection from /127.0.0.1:63341 to /127.0.0.1:63344" [_thread_blocked, id=10056, stack(0x000000fd9c000000,0x000000fd9c100000)]
  0x000002f82330a000 JavaThread "Stdin handler" [_thread_blocked, id=12384, stack(0x000000fd9c100000,0x000000fd9c200000)]
  0x000002f823382000 JavaThread "Thread-8" [_thread_blocked, id=7152, stack(0x000000fd9c200000,0x000000fd9c300000)]
  0x000002f82324c000 JavaThread "Cache worker for journal cache (C:\Users\mihai\.gradle\caches\journal-1)" [_thread_blocked, id=7388, stack(0x000000fd9cc00000,0x000000fd9cd00000)]
  0x000002f82324f000 JavaThread "File lock request listener" [_thread_in_native, id=20456, stack(0x000000fd9cd00000,0x000000fd9ce00000)]
  0x000002f82324b000 JavaThread "Cache worker for file hash cache (C:\Users\mihai\.gradle\caches\6.5\fileHashes)" [_thread_blocked, id=2688, stack(0x000000fd9ce00000,0x000000fd9cf00000)]
  0x000002f823250000 JavaThread "Cache worker for file hash cache (D:\Projects\Learn_German\.gradle\6.5\fileHashes)" [_thread_blocked, id=18392, stack(0x000000fd9d100000,0x000000fd9d200000)]
  0x000002f82324a000 JavaThread "Cache worker for checksums cache (D:\Projects\Learn_German\.gradle\checksums)" [_thread_blocked, id=15604, stack(0x000000fd9d200000,0x000000fd9d300000)]
  0x000002f82324e000 JavaThread "Cache worker for cache directory md-supplier (C:\Users\mihai\.gradle\caches\6.5\md-supplier)" [_thread_blocked, id=3272, stack(0x000000fd9d300000,0x000000fd9d400000)]
  0x000002f823250800 JavaThread "Cache worker for cache directory md-rule (C:\Users\mihai\.gradle\caches\6.5\md-rule)" [_thread_blocked, id=8584, stack(0x000000fd9d400000,0x000000fd9d500000)]
  0x000002f82324d800 JavaThread "Cache worker for execution history cache (C:\Users\mihai\.gradle\caches\6.5\executionHistory)" [_thread_blocked, id=7216, stack(0x000000fd9d500000,0x000000fd9d600000)]
  0x000002f826b44000 JavaThread "jar transforms" [_thread_blocked, id=11956, stack(0x000000fd9d600000,0x000000fd9d700000)]
  0x000002f826b40800 JavaThread "Cache worker for file content cache (C:\Users\mihai\.gradle\caches\6.5\fileContent)" [_thread_blocked, id=12240, stack(0x000000fd9d700000,0x000000fd9d800000)]
  0x000002f826b48800 JavaThread "Build operations" [_thread_blocked, id=18272, stack(0x000000fd9d800000,0x000000fd9d900000)]
  0x000002f826b48000 JavaThread "Build operations Thread 2" [_thread_blocked, id=16184, stack(0x000000fd9d900000,0x000000fd9da00000)]
  0x000002f826b43000 JavaThread "Build operations Thread 3" [_thread_blocked, id=15968, stack(0x000000fd9da00000,0x000000fd9db00000)]
  0x000002f826b4c800 JavaThread "Build operations Thread 4" [_thread_blocked, id=13592, stack(0x000000fd9db00000,0x000000fd9dc00000)]
  0x000002f826b4d800 JavaThread "Build operations Thread 5" [_thread_blocked, id=5832, stack(0x000000fd9dc00000,0x000000fd9dd00000)]
  0x000002f826b49800 JavaThread "Build operations Thread 6" [_thread_blocked, id=12128, stack(0x000000fd9dd00000,0x000000fd9de00000)]
  0x000002f826b4e800 JavaThread "Build operations Thread 7" [_thread_blocked, id=16900, stack(0x000000fd9de00000,0x000000fd9df00000)]
  0x000002f826b4a800 JavaThread "Build operations Thread 8" [_thread_blocked, id=4756, stack(0x000000fd9df00000,0x000000fd9e000000)]
  0x000002f826b4c000 JavaThread "Build operations Thread 9" [_thread_blocked, id=7400, stack(0x000000fd9e000000,0x000000fd9e100000)]
  0x000002f826b4b000 JavaThread "Build operations Thread 10" [_thread_blocked, id=4500, stack(0x000000fd9e100000,0x000000fd9e200000)]
  0x000002f826b4f000 JavaThread "Build operations Thread 11" [_thread_blocked, id=8924, stack(0x000000fd9e200000,0x000000fd9e300000)]
  0x000002f826143800 JavaThread "Build operations Thread 12" [_thread_blocked, id=19528, stack(0x000000fd9e300000,0x000000fd9e400000)]
  0x000002f826147800 JavaThread "jar transforms Thread 2" [_thread_blocked, id=15748, stack(0x000000fd9e400000,0x000000fd9e500000)]
  0x000002f826146800 JavaThread "jar transforms Thread 3" [_thread_blocked, id=2952, stack(0x000000fd9e500000,0x000000fd9e600000)]
  0x000002f82614a000 JavaThread "jar transforms Thread 4" [_thread_blocked, id=1844, stack(0x000000fd9e600000,0x000000fd9e700000)]
  0x000002f826148000 JavaThread "jar transforms Thread 5" [_thread_blocked, id=4076, stack(0x000000fd9e700000,0x000000fd9e800000)]
  0x000002f826145800 JavaThread "jar transforms Thread 6" [_thread_blocked, id=14760, stack(0x000000fd9e800000,0x000000fd9e900000)]
  0x000002f826144000 JavaThread "jar transforms Thread 7" [_thread_blocked, id=19064, stack(0x000000fd9e900000,0x000000fd9ea00000)]
  0x000002f826145000 JavaThread "jar transforms Thread 8" [_thread_blocked, id=11076, stack(0x000000fd9ea00000,0x000000fd9eb00000)]
  0x000002f82614e000 JavaThread "jar transforms Thread 9" [_thread_blocked, id=8608, stack(0x000000fd9eb00000,0x000000fd9ec00000)]
  0x000002f82614e800 JavaThread "jar transforms Thread 10" [_thread_blocked, id=5316, stack(0x000000fd9ec00000,0x000000fd9ed00000)]
  0x000002f826149000 JavaThread "jar transforms Thread 11" [_thread_blocked, id=7344, stack(0x000000fd9ed00000,0x000000fd9ee00000)]
  0x000002f82614f800 JavaThread "jar transforms Thread 12" [_thread_blocked, id=9744, stack(0x000000fd9ee00000,0x000000fd9ef00000)]
  0x000002f82614a800 JavaThread "jar transforms Thread 13" [_thread_blocked, id=9588, stack(0x000000fd9ef00000,0x000000fd9f000000)]
  0x000002f826150800 JavaThread "jar transforms Thread 14" [_thread_blocked, id=6100, stack(0x000000fd9f000000,0x000000fd9f100000)]
  0x000002f826151000 JavaThread "jar transforms Thread 15" [_thread_blocked, id=12088, stack(0x000000fd9f100000,0x000000fd9f200000)]
  0x000002f82614c800 JavaThread "jar transforms Thread 16" [_thread_blocked, id=4612, stack(0x000000fd9f200000,0x000000fd9f300000)]
  0x000002f82614b800 JavaThread "jar transforms Thread 17" [_thread_blocked, id=19464, stack(0x000000fd9f300000,0x000000fd9f400000)]
  0x000002f826152000 JavaThread "jar transforms Thread 18" [_thread_blocked, id=9436, stack(0x000000fd9f400000,0x000000fd9f500000)]
  0x000002f82614d000 JavaThread "jar transforms Thread 19" [_thread_blocked, id=13884, stack(0x000000fd9f500000,0x000000fd9f600000)]
  0x000002f8263c4000 JavaThread "jar transforms Thread 20" [_thread_blocked, id=376, stack(0x000000fd9f600000,0x000000fd9f700000)]
  0x000002f8263c7800 JavaThread "jar transforms Thread 21" [_thread_blocked, id=10396, stack(0x000000fd9f700000,0x000000fd9f800000)]
  0x000002f8263c9000 JavaThread "jar transforms Thread 22" [_thread_blocked, id=2212, stack(0x000000fd9f800000,0x000000fd9f900000)]
  0x000002f8263c3800 JavaThread "jar transforms Thread 23" [_thread_blocked, id=1864, stack(0x000000fd9f900000,0x000000fd9fa00000)]
  0x000002f8263c5000 JavaThread "jar transforms Thread 24" [_thread_blocked, id=14028, stack(0x000000fd9fa00000,0x000000fd9fb00000)]
  0x000002f8263cb800 JavaThread "jar transforms Thread 25" [_thread_blocked, id=1996, stack(0x000000fd9fb00000,0x000000fd9fc00000)]
  0x000002f8263c5800 JavaThread "jar transforms Thread 26" [_thread_blocked, id=9524, stack(0x000000fd9fc00000,0x000000fd9fd00000)]
  0x000002f8263cc000 JavaThread "jar transforms Thread 27" [_thread_blocked, id=13636, stack(0x000000fd9fd00000,0x000000fd9fe00000)]
  0x000002f8263c8000 JavaThread "jar transforms Thread 28" [_thread_blocked, id=5680, stack(0x000000fd9fe00000,0x000000fd9ff00000)]
  0x000002f8263c6800 JavaThread "jar transforms Thread 29" [_thread_blocked, id=18788, stack(0x000000fd9ff00000,0x000000fda0000000)]
  0x000002f8263cd000 JavaThread "jar transforms Thread 30" [_thread_blocked, id=13572, stack(0x000000fda0000000,0x000000fda0100000)]
  0x000002f8263ca000 JavaThread "jar transforms Thread 31" [_thread_blocked, id=4696, stack(0x000000fda0100000,0x000000fda0200000)]
  0x000002f8263ce000 JavaThread "jar transforms Thread 32" [_thread_blocked, id=15440, stack(0x000000fda0200000,0x000000fda0300000)]
  0x000002f8263ce800 JavaThread "jar transforms Thread 33" [_thread_blocked, id=11324, stack(0x000000fda0300000,0x000000fda0400000)]
  0x000002f8263cf800 JavaThread "jar transforms Thread 34" [_thread_blocked, id=12948, stack(0x000000fda0400000,0x000000fda0500000)]
  0x000002f8263d0800 JavaThread "jar transforms Thread 35" [_thread_blocked, id=15784, stack(0x000000fda0500000,0x000000fda0600000)]
  0x000002f8263ca800 JavaThread "jar transforms Thread 36" [_thread_blocked, id=284, stack(0x000000fda0600000,0x000000fda0700000)]
  0x000002f8263d2000 JavaThread "jar transforms Thread 37" [_thread_blocked, id=15776, stack(0x000000fda0700000,0x000000fda0800000)]
  0x000002f8263d1000 JavaThread "jar transforms Thread 38" [_thread_blocked, id=6096, stack(0x000000fda0800000,0x000000fda0900000)]
  0x000002f827162800 JavaThread "jar transforms Thread 39" [_thread_blocked, id=16248, stack(0x000000fda0900000,0x000000fda0a00000)]
  0x000002f827161000 JavaThread "jar transforms Thread 40" [_thread_blocked, id=11720, stack(0x000000fda0a00000,0x000000fda0b00000)]
  0x000002f827167000 JavaThread "jar transforms Thread 41" [_thread_blocked, id=18792, stack(0x000000fda0b00000,0x000000fda0c00000)]
  0x000002f827166000 JavaThread "jar transforms Thread 42" [_thread_blocked, id=13608, stack(0x000000fda0c00000,0x000000fda0d00000)]
  0x000002f827164800 JavaThread "jar transforms Thread 43" [_thread_blocked, id=15332, stack(0x000000fda0d00000,0x000000fda0e00000)]
  0x000002f827162000 JavaThread "jar transforms Thread 44" [_thread_blocked, id=2400, stack(0x000000fda0e00000,0x000000fda0f00000)]
  0x000002f827167800 JavaThread "jar transforms Thread 45" [_thread_blocked, id=17812, stack(0x000000fda0f00000,0x000000fda1000000)]
  0x000002f827168800 JavaThread "jar transforms Thread 46" [_thread_blocked, id=13580, stack(0x000000fda1000000,0x000000fda1100000)]
  0x000002f827169800 JavaThread "jar transforms Thread 47" [_thread_blocked, id=15072, stack(0x000000fda1100000,0x000000fda1200000)]
  0x000002f827163800 JavaThread "jar transforms Thread 48" [_thread_blocked, id=4468, stack(0x000000fda1200000,0x000000fda1300000)]
  0x000002f82716a000 JavaThread "jar transforms Thread 49" [_thread_blocked, id=10592, stack(0x000000fda1300000,0x000000fda1400000)]
  0x000002f82716b000 JavaThread "jar transforms Thread 50" [_thread_blocked, id=16064, stack(0x000000fda1400000,0x000000fda1500000)]
  0x000002f827165000 JavaThread "jar transforms Thread 51" [_thread_blocked, id=14664, stack(0x000000fda1500000,0x000000fda1600000)]
  0x000002f82716d800 JavaThread "jar transforms Thread 52" [_thread_blocked, id=13436, stack(0x000000fda1600000,0x000000fda1700000)]
  0x000002f82716e000 JavaThread "jar transforms Thread 53" [_thread_blocked, id=10764, stack(0x000000fda1700000,0x000000fda1800000)]
  0x000002f82716f000 JavaThread "jar transforms Thread 54" [_thread_blocked, id=1660, stack(0x000000fda1800000,0x000000fda1900000)]
  0x000002f82716b800 JavaThread "jar transforms Thread 55" [_thread_blocked, id=12940, stack(0x000000fda1900000,0x000000fda1a00000)]
  0x000002f82716c800 JavaThread "jar transforms Thread 56" [_thread_blocked, id=16156, stack(0x000000fda1a00000,0x000000fda1b00000)]
  0x000002f827170000 JavaThread "jar transforms Thread 57" [_thread_blocked, id=19636, stack(0x000000fda1b00000,0x000000fda1c00000)]
  0x000002f826a23000 JavaThread "jar transforms Thread 58" [_thread_blocked, id=536, stack(0x000000fda1c00000,0x000000fda1d00000)]
  0x000002f826a25800 JavaThread "jar transforms Thread 59" [_thread_blocked, id=16028, stack(0x000000fda1d00000,0x000000fda1e00000)]
  0x000002f826a26000 JavaThread "jar transforms Thread 60" [_thread_blocked, id=9660, stack(0x000000fda1e00000,0x000000fda1f00000)]
  0x000002f826a21000 JavaThread "jar transforms Thread 61" [_thread_blocked, id=20016, stack(0x000000fda1f00000,0x000000fda2000000)]
  0x000002f826a20800 JavaThread "jar transforms Thread 62" [_thread_blocked, id=10924, stack(0x000000fda2000000,0x000000fda2100000)]
  0x000002f826a27800 JavaThread "jar transforms Thread 63" [_thread_blocked, id=19680, stack(0x000000fda2100000,0x000000fda2200000)]
  0x000002f826a22000 JavaThread "jar transforms Thread 64" [_thread_blocked, id=19400, stack(0x000000fda2200000,0x000000fda2300000)]
  0x000002f826a27000 JavaThread "jar transforms Thread 65" [_thread_blocked, id=19216, stack(0x000000fda2300000,0x000000fda2400000)]
  0x000002f826a24800 JavaThread "jar transforms Thread 66" [_thread_blocked, id=13776, stack(0x000000fda2400000,0x000000fda2500000)]
  0x000002f826a28800 JavaThread "jar transforms Thread 67" [_thread_blocked, id=9828, stack(0x000000fda2500000,0x000000fda2600000)]
  0x000002f826a29800 JavaThread "jar transforms Thread 68" [_thread_blocked, id=12452, stack(0x000000fda2600000,0x000000fda2700000)]
  0x000002f826a23800 JavaThread "jar transforms Thread 69" [_thread_blocked, id=9284, stack(0x000000fda2700000,0x000000fda2800000)]
  0x000002f826a2c800 JavaThread "jar transforms Thread 70" [_thread_blocked, id=16920, stack(0x000000fda2800000,0x000000fda2900000)]
  0x000002f826a2e800 JavaThread "jar transforms Thread 71" [_thread_blocked, id=384, stack(0x000000fda2900000,0x000000fda2a00000)]
  0x000002f826a2a000 JavaThread "jar transforms Thread 72" [_thread_blocked, id=17456, stack(0x000000fda2a00000,0x000000fda2b00000)]
  0x000002f826a2b000 JavaThread "jar transforms Thread 73" [_thread_blocked, id=10532, stack(0x000000fda2b00000,0x000000fda2c00000)]
  0x000002f826a2c000 JavaThread "jar transforms Thread 74" [_thread_blocked, id=13812, stack(0x000000fda2c00000,0x000000fda2d00000)]
  0x000002f826a2d800 JavaThread "jar transforms Thread 75" [_thread_blocked, id=18692, stack(0x000000fda2d00000,0x000000fda2e00000)]
  0x000002f826a2f000 JavaThread "jar transforms Thread 76" [_thread_blocked, id=6128, stack(0x000000fda2e00000,0x000000fda2f00000)]
  0x000002f82693d000 JavaThread "jar transforms Thread 77" [_thread_blocked, id=17084, stack(0x000000fda2f00000,0x000000fda3000000)]
  0x000002f826941000 JavaThread "jar transforms Thread 78" [_thread_blocked, id=9968, stack(0x000000fda3000000,0x000000fda3100000)]
  0x000002f82693f800 JavaThread "jar transforms Thread 79" [_thread_blocked, id=16760, stack(0x000000fda3100000,0x000000fda3200000)]
  0x000002f826942800 JavaThread "jar transforms Thread 80" [_thread_blocked, id=9180, stack(0x000000fda3200000,0x000000fda3300000)]
  0x000002f826943800 JavaThread "jar transforms Thread 81" [_thread_blocked, id=9236, stack(0x000000fda3300000,0x000000fda3400000)]
  0x000002f826942000 JavaThread "jar transforms Thread 82" [_thread_blocked, id=16036, stack(0x000000fda3400000,0x000000fda3500000)]
  0x000002f826940000 JavaThread "jar transforms Thread 83" [_thread_blocked, id=12812, stack(0x000000fda3500000,0x000000fda3600000)]
  0x000002f82693e800 JavaThread "jar transforms Thread 84" [_thread_blocked, id=632, stack(0x000000fda3600000,0x000000fda3700000)]
  0x000002f82693d800 JavaThread "jar transforms Thread 85" [_thread_blocked, id=20148, stack(0x000000fda3700000,0x000000fda3800000)]
  0x000002f826949000 JavaThread "jar transforms Thread 86" [_thread_blocked, id=10896, stack(0x000000fda3800000,0x000000fda3900000)]
  0x000002f826948800 JavaThread "jar transforms Thread 87" [_thread_blocked, id=15108, stack(0x000000fda3900000,0x000000fda3a00000)]
  0x000002f826946000 JavaThread "jar transforms Thread 88" [_thread_blocked, id=15592, stack(0x000000fda3a00000,0x000000fda3b00000)]
  0x000002f826946800 JavaThread "jar transforms Thread 89" [_thread_blocked, id=19076, stack(0x000000fda3b00000,0x000000fda3c00000)]
  0x000002f826947800 JavaThread "jar transforms Thread 90" [_thread_blocked, id=8972, stack(0x000000fda3c00000,0x000000fda3d00000)]
  0x000002f826944000 JavaThread "jar transforms Thread 91" [_thread_blocked, id=15384, stack(0x000000fda3d00000,0x000000fda3e00000)]
  0x000002f82694a000 JavaThread "jar transforms Thread 92" [_thread_blocked, id=11140, stack(0x000000fda3e00000,0x000000fda3f00000)]
  0x000002f826945000 JavaThread "Cache worker for Build Output Cleanup Cache (D:\Projects\Learn_German\.gradle\buildOutputCleanup)" [_thread_blocked, id=2052, stack(0x000000fd9c300000,0x000000fd9c400000)]
  0x000002f82694b800 JavaThread "Memory manager" [_thread_blocked, id=2976, stack(0x000000fda3f00000,0x000000fda4000000)]
  0x000002f82324c800 JavaThread "Cache worker for file content cache (D:\Projects\Learn_German\.gradle\6.5\fileContent)" [_thread_blocked, id=16628, stack(0x000000fda4000000,0x000000fda4100000)]
  0x000002f829644000 JavaThread "Execution worker for ':'" [_thread_blocked, id=14164, stack(0x000000fda4100000,0x000000fda4200000)]
  0x000002f829644800 JavaThread "Execution worker for ':' Thread 2" [_thread_blocked, id=12040, stack(0x000000fda4200000,0x000000fda4300000)]
  0x000002f829643000 JavaThread "Execution worker for ':' Thread 3" [_thread_blocked, id=3844, stack(0x000000fda4300000,0x000000fda4400000)]
  0x000002f82963f000 JavaThread "Execution worker for ':' Thread 4" [_thread_blocked, id=18684, stack(0x000000fda4400000,0x000000fda4500000)]
  0x000002f829642000 JavaThread "Execution worker for ':' Thread 5" [_thread_blocked, id=15024, stack(0x000000fda4500000,0x000000fda4600000)]
  0x000002f829645800 JavaThread "Execution worker for ':' Thread 6" [_thread_blocked, id=8896, stack(0x000000fda4600000,0x000000fda4700000)]
  0x000002f82963f800 JavaThread "Execution worker for ':' Thread 7" [_thread_blocked, id=1560, stack(0x000000fda4700000,0x000000fda4800000)]
  0x000002f829646000 JavaThread "Execution worker for ':' Thread 8" [_thread_blocked, id=11916, stack(0x000000fda4800000,0x000000fda4900000)]
  0x000002f829640800 JavaThread "Execution worker for ':' Thread 9" [_thread_blocked, id=14764, stack(0x000000fda4900000,0x000000fda4a00000)]
  0x000002f829647000 JavaThread "Execution worker for ':' Thread 10" [_thread_blocked, id=17324, stack(0x000000fda4a00000,0x000000fda4b00000)]
  0x000002f829641800 JavaThread "Execution worker for ':' Thread 11" [_thread_blocked, id=6980, stack(0x000000fda4b00000,0x000000fda4c00000)]
  0x000002f82964a800 JavaThread "Cache worker for execution history cache (D:\Projects\Learn_German\.gradle\6.5\executionHistory)" [_thread_blocked, id=3668, stack(0x000000fda4c00000,0x000000fda4d00000)]
  0x000002f829648800 JavaThread "WorkerExecutor Queue" [_thread_blocked, id=8472, stack(0x000000fda4e00000,0x000000fda4f00000)]
  0x000002f829649800 JavaThread "pool-2-thread-1" [_thread_blocked, id=9016, stack(0x000000fda5200000,0x000000fda5300000)]
  0x000002f82964c800 JavaThread "stderr" [_thread_in_native, id=5328, stack(0x000000fda5300000,0x000000fda5400000)]
  0x000002f822056000 JavaThread "stdout" [_thread_in_native, id=11096, stack(0x000000fda5400000,0x000000fda5500000)]
  0x000002f822052800 JavaThread "stderr" [_thread_in_native, id=10332, stack(0x000000fda5500000,0x000000fda5600000)]
  0x000002f822055000 JavaThread "stdout" [_thread_in_native, id=8044, stack(0x000000fda5600000,0x000000fda5700000)]
  0x000002f822059800 JavaThread "stderr" [_thread_in_native, id=7284, stack(0x000000fda5700000,0x000000fda5800000)]
  0x000002f822057000 JavaThread "stdout" [_thread_in_native, id=4780, stack(0x000000fda5800000,0x000000fda5900000)]
  0x000002f822057800 JavaThread "stderr" [_thread_in_native, id=7840, stack(0x000000fda5900000,0x000000fda5a00000)]
  0x000002f822053800 JavaThread "stdout" [_thread_in_native, id=19868, stack(0x000000fda5a00000,0x000000fda5b00000)]
  0x000002f82205a000 JavaThread "WorkerExecutor Queue Thread 5" [_thread_blocked, id=12008, stack(0x000000fda5b00000,0x000000fda5c00000)]
  0x000002f822054800 JavaThread "WorkerExecutor Queue Thread 6" [_thread_blocked, id=9352, stack(0x000000fda5c00000,0x000000fda5d00000)]
  0x000002f82205e000 JavaThread "Cache worker for Java compile cache (C:\Users\mihai\.gradle\caches\6.5\javaCompile)" [_thread_blocked, id=1228, stack(0x000000fda4f00000,0x000000fda5000000)]
  0x000002f82205c800 JavaThread "Cache worker for Java compile cache (D:\Projects\Learn_German\.gradle\6.5\javaCompile)" [_thread_blocked, id=7320, stack(0x000000fda5000000,0x000000fda5100000)]
  0x000002f822061800 JavaThread "ForkJoinPool.commonPool-worker-19" daemon [_thread_blocked, id=4452, stack(0x000000fda5100000,0x000000fda5200000)]
  0x000002f82205b800 JavaThread "ForkJoinPool.commonPool-worker-5" daemon [_thread_blocked, id=12916, stack(0x000000fda5d00000,0x000000fda5e00000)]
  0x000002f82964b000 JavaThread "WorkerExecutor Queue Thread 7" [_thread_blocked, id=10060, stack(0x000000fda5e00000,0x000000fda5f00000)]
  0x000002f82964c000 JavaThread "WorkerExecutor Queue Thread 8" [_thread_blocked, id=14728, stack(0x000000fda5f00000,0x000000fda6000000)]
  0x000002f829648000 JavaThread "WorkerExecutor Queue Thread 9" [_thread_blocked, id=10380, stack(0x000000fda6000000,0x000000fda6100000)]
  0x000002f82c7de800 JavaThread "WorkerExecutor Queue Thread 10" [_thread_blocked, id=11420, stack(0x000000fda6100000,0x000000fda6200000)]
  0x000002f82c7dd800 JavaThread "WorkerExecutor Queue Thread 11" [_thread_blocked, id=17892, stack(0x000000fda6200000,0x000000fda6300000)]
  0x000002f82c7d8800 JavaThread "WorkerExecutor Queue Thread 12" [_thread_blocked, id=3864, stack(0x000000fda6300000,0x000000fda6400000)]
  0x000002f82c7df000 JavaThread "WorkerExecutor Queue Thread 13" [_thread_blocked, id=11600, stack(0x000000fda6400000,0x000000fda6500000)]
  0x000002f82c7dc800 JavaThread "WorkerExecutor Queue Thread 14" [_thread_blocked, id=5212, stack(0x000000fda6500000,0x000000fda6600000)]
  0x000002f82c7d9800 JavaThread "WorkerExecutor Queue Thread 15" [_thread_blocked, id=19840, stack(0x000000fda6600000,0x000000fda6700000)]
  0x000002f82c7e0000 JavaThread "WorkerExecutor Queue Thread 16" [_thread_blocked, id=2936, stack(0x000000fda6700000,0x000000fda6800000)]

Other Threads:
=>0x000002f820a55000 VMThread "VM Thread" [stack: 0x000000fd9ab00000,0x000000fd9ac00000] [id=9740]
  0x000002f821550000 WatcherThread [stack: 0x000000fd9b500000,0x000000fd9b600000] [id=8880]
  0x000002f806343800 GCTaskThread "GC Thread#0" [stack: 0x000000fd9a600000,0x000000fd9a700000] [id=14796]
  0x000002f8221b4000 GCTaskThread "GC Thread#1" [stack: 0x000000fd9b700000,0x000000fd9b800000] [id=14092]
  0x000002f823304000 GCTaskThread "GC Thread#2" [stack: 0x000000fd9c400000,0x000000fd9c500000] [id=13576]
  0x000002f823569000 GCTaskThread "GC Thread#3" [stack: 0x000000fd9c500000,0x000000fd9c600000] [id=15288]
  0x000002f8232c1800 GCTaskThread "GC Thread#4" [stack: 0x000000fd9c600000,0x000000fd9c700000] [id=17808]
  0x000002f8236de800 GCTaskThread "GC Thread#5" [stack: 0x000000fd9c700000,0x000000fd9c800000] [id=10152]
  0x000002f8232ff000 GCTaskThread "GC Thread#6" [stack: 0x000000fd9c800000,0x000000fd9c900000] [id=19196]
  0x000002f8235f6800 GCTaskThread "GC Thread#7" [stack: 0x000000fd9c900000,0x000000fd9ca00000] [id=1848]
  0x000002f8235f7800 GCTaskThread "GC Thread#8" [stack: 0x000000fd9ca00000,0x000000fd9cb00000] [id=1236]
  0x000002f823613000 GCTaskThread "GC Thread#9" [stack: 0x000000fd9cb00000,0x000000fd9cc00000] [id=9696]
  0x000002f806375000 ConcurrentGCThread "G1 Main Marker" [stack: 0x000000fd9a700000,0x000000fd9a800000] [id=16780]
  0x000002f806377800 ConcurrentGCThread "G1 Conc#0" [stack: 0x000000fd9a800000,0x000000fd9a900000] [id=9788]
  0x000002f8235a0000 ConcurrentGCThread "G1 Conc#1" [stack: 0x000000fd9cf00000,0x000000fd9d000000] [id=2920]
  0x000002f823681800 ConcurrentGCThread "G1 Conc#2" [stack: 0x000000fd9d000000,0x000000fd9d100000] [id=7128]
  0x000002f8208a0800 ConcurrentGCThread "G1 Refine#0" [stack: 0x000000fd9a900000,0x000000fd9aa00000] [id=14708]
  0x000002f8293c8800 ConcurrentGCThread "G1 Refine#1" [stack: 0x000000fda4d00000,0x000000fda4e00000] [id=12804]
  0x000002f8208a1800 ConcurrentGCThread "G1 Young RemSet Sampling" [stack: 0x000000fd9aa00000,0x000000fd9ab00000] [id=8380]

Threads with active compile tasks:
C2 CompilerThread0  19989 15888       4       com.android.tools.r8.ir.conversion.N::a (39 bytes)
C1 CompilerThread0  19989 16083       2       com.android.tools.r8.ir.optimize.j0::b (1573 bytes)

VM state:at safepoint (normal execution)

VM Mutex/Monitor currently owned by a thread:  ([mutex/lock_event])
[0x000002f806326da0] Threads_lock - owner thread: 0x000002f820a55000
[0x000002f806326020] Heap_lock - owner thread: 0x000002f829648000

Heap address: 0x0000000080000000, size: 2048 MB, Compressed Oops mode: 32-bit
Narrow klass base: 0x0000000000000000, Narrow klass shift: 3
Compressed class space size: 1073741824 Address: 0x0000000100000000

Heap:
 garbage-first heap   total 407552K, used 122587K [0x0000000080000000, 0x0000000100000000)
  region size 1024K, 4 young (4096K), 4 survivors (4096K)
 Metaspace       used 104072K, capacity 107362K, committed 107472K, reserved 1142784K
  class space    used 13434K, capacity 14678K, committed 14720K, reserved 1048576K
Heap Regions: E=young(eden), S=young(survivor), O=old, HS=humongous(starts), HC=humongous(continues), CS=collection set, F=free, A=archive, TAMS=top-at-mark-start (previous, next)
|   0|0x0000000080000000, 0x0000000080100000, 0x0000000080100000|100%| O|  |TAMS 0x0000000080100000, 0x0000000080000000| Untracked 
|   1|0x0000000080100000, 0x0000000080200000, 0x0000000080200000|100%| O|  |TAMS 0x0000000080200000, 0x0000000080100000| Untracked 
|   2|0x0000000080200000, 0x0000000080300000, 0x0000000080300000|100%| O|  |TAMS 0x0000000080300000, 0x0000000080200000| Untracked 
|   3|0x0000000080300000, 0x0000000080400000, 0x0000000080400000|100%|HS|  |TAMS 0x0000000080400000, 0x0000000080300000| Complete 
|   4|0x0000000080400000, 0x0000000080500000, 0x0000000080500000|100%|HC|  |TAMS 0x0000000080500000, 0x0000000080400000| Complete 
|   5|0x0000000080500000, 0x0000000080600000, 0x0000000080600000|100%|HC|  |TAMS 0x0000000080600000, 0x0000000080500000| Complete 
|   6|0x0000000080600000, 0x0000000080700000, 0x0000000080700000|100%| O|  |TAMS 0x0000000080700000, 0x0000000080600000| Untracked 
|   7|0x0000000080700000, 0x0000000080800000, 0x0000000080800000|100%| O|  |TAMS 0x0000000080800000, 0x0000000080700000| Untracked 
|   8|0x0000000080800000, 0x0000000080900000, 0x0000000080900000|100%| O|  |TAMS 0x0000000080900000, 0x0000000080800000| Untracked 
|   9|0x0000000080900000, 0x0000000080a00000, 0x0000000080a00000|100%| O|  |TAMS 0x0000000080a00000, 0x0000000080900000| Untracked 
|  10|0x0000000080a00000, 0x0000000080b00000, 0x0000000080b00000|100%| O|  |TAMS 0x0000000080b00000, 0x0000000080a00000| Untracked 
|  11|0x0000000080b00000, 0x0000000080c00000, 0x0000000080c00000|100%| O|  |TAMS 0x0000000080c00000, 0x0000000080b00000| Untracked 
|  12|0x0000000080c00000, 0x0000000080d00000, 0x0000000080d00000|100%| O|  |TAMS 0x0000000080d00000, 0x0000000080c00000| Untracked 
|  13|0x0000000080d00000, 0x0000000080e00000, 0x0000000080e00000|100%| O|  |TAMS 0x0000000080e00000, 0x0000000080d00000| Untracked 
|  14|0x0000000080e00000, 0x0000000080f00000, 0x0000000080f00000|100%| O|  |TAMS 0x0000000080f00000, 0x0000000080e00000| Untracked 
|  15|0x0000000080f00000, 0x0000000081000000, 0x0000000081000000|100%| O|  |TAMS 0x0000000081000000, 0x0000000080f00000| Untracked 
|  16|0x0000000081000000, 0x0000000081100000, 0x0000000081100000|100%| O|  |TAMS 0x0000000081100000, 0x0000000081000000| Untracked 
|  17|0x0000000081100000, 0x0000000081200000, 0x0000000081200000|100%|HS|  |TAMS 0x0000000081200000, 0x0000000081100000| Complete 
|  18|0x0000000081200000, 0x0000000081300000, 0x0000000081300000|100%|HS|  |TAMS 0x0000000081300000, 0x0000000081200000| Complete 
|  19|0x0000000081300000, 0x0000000081400000, 0x0000000081400000|100%|HC|  |TAMS 0x0000000081400000, 0x0000000081300000| Complete 
|  20|0x0000000081400000, 0x0000000081500000, 0x0000000081500000|100%| O|  |TAMS 0x0000000081500000, 0x0000000081400000| Untracked 
|  21|0x0000000081500000, 0x0000000081600000, 0x0000000081600000|100%| O|  |TAMS 0x0000000081600000, 0x0000000081500000| Untracked 
|  22|0x0000000081600000, 0x0000000081700000, 0x0000000081700000|100%| O|  |TAMS 0x0000000081700000, 0x0000000081600000| Untracked 
|  23|0x0000000081700000, 0x0000000081800000, 0x0000000081800000|100%| O|  |TAMS 0x0000000081800000, 0x0000000081700000| Untracked 
|  24|0x0000000081800000, 0x0000000081900000, 0x0000000081900000|100%| O|  |TAMS 0x0000000081900000, 0x0000000081800000| Untracked 
|  25|0x0000000081900000, 0x0000000081a00000, 0x0000000081a00000|100%| O|  |TAMS 0x0000000081a00000, 0x0000000081900000| Untracked 
|  26|0x0000000081a00000, 0x0000000081b00000, 0x0000000081b00000|100%| O|  |TAMS 0x0000000081b00000, 0x0000000081a00000| Untracked 
|  27|0x0000000081b00000, 0x0000000081c00000, 0x0000000081c00000|100%| O|  |TAMS 0x0000000081c00000, 0x0000000081b00000| Untracked 
|  28|0x0000000081c00000, 0x0000000081d00000, 0x0000000081d00000|100%| O|  |TAMS 0x0000000081d00000, 0x0000000081c00000| Untracked 
|  29|0x0000000081d00000, 0x0000000081e00000, 0x0000000081e00000|100%| O|  |TAMS 0x0000000081e00000, 0x0000000081d00000| Untracked 
|  30|0x0000000081e00000, 0x0000000081f00000, 0x0000000081f00000|100%| O|  |TAMS 0x0000000081f00000, 0x0000000081e00000| Untracked 
|  31|0x0000000081f00000, 0x0000000082000000, 0x0000000082000000|100%| O|  |TAMS 0x0000000082000000, 0x0000000081f00000| Untracked 
|  32|0x0000000082000000, 0x0000000082100000, 0x0000000082100000|100%| O|  |TAMS 0x0000000082100000, 0x0000000082000000| Untracked 
|  33|0x0000000082100000, 0x0000000082200000, 0x0000000082200000|100%| O|  |TAMS 0x0000000082200000, 0x0000000082100000| Untracked 
|  34|0x0000000082200000, 0x0000000082300000, 0x0000000082300000|100%| O|  |TAMS 0x0000000082300000, 0x0000000082200000| Untracked 
|  35|0x0000000082300000, 0x0000000082400000, 0x0000000082400000|100%| O|  |TAMS 0x0000000082400000, 0x0000000082300000| Untracked 
|  36|0x0000000082400000, 0x0000000082500000, 0x0000000082500000|100%| O|  |TAMS 0x0000000082500000, 0x0000000082400000| Untracked 
|  37|0x0000000082500000, 0x0000000082600000, 0x0000000082600000|100%| O|  |TAMS 0x0000000082600000, 0x0000000082500000| Untracked 
|  38|0x0000000082600000, 0x0000000082700000, 0x0000000082700000|100%| O|  |TAMS 0x0000000082700000, 0x0000000082600000| Untracked 
|  39|0x0000000082700000, 0x0000000082800000, 0x0000000082800000|100%| O|  |TAMS 0x0000000082800000, 0x0000000082700000| Untracked 
|  40|0x0000000082800000, 0x0000000082900000, 0x0000000082900000|100%| O|  |TAMS 0x0000000082900000, 0x0000000082800000| Untracked 
|  41|0x0000000082900000, 0x0000000082a00000, 0x0000000082a00000|100%| O|  |TAMS 0x0000000082a00000, 0x0000000082900000| Untracked 
|  42|0x0000000082a00000, 0x0000000082b00000, 0x0000000082b00000|100%| O|  |TAMS 0x0000000082b00000, 0x0000000082a00000| Untracked 
|  43|0x0000000082b00000, 0x0000000082c00000, 0x0000000082c00000|100%| O|  |TAMS 0x0000000082c00000, 0x0000000082b00000| Untracked 
|  44|0x0000000082c00000, 0x0000000082d00000, 0x0000000082d00000|100%| O|  |TAMS 0x0000000082d00000, 0x0000000082c00000| Untracked 
|  45|0x0000000082d00000, 0x0000000082e00000, 0x0000000082e00000|100%| O|  |TAMS 0x0000000082e00000, 0x0000000082d00000| Untracked 
|  46|0x0000000082e00000, 0x0000000082f00000, 0x0000000082f00000|100%| O|  |TAMS 0x0000000082e00000, 0x0000000082e00000| Untracked 
|  47|0x0000000082f00000, 0x0000000083000000, 0x0000000083000000|100%| O|  |TAMS 0x0000000083000000, 0x0000000082f00000| Untracked 
|  48|0x0000000083000000, 0x0000000083100000, 0x0000000083100000|100%| O|  |TAMS 0x0000000083100000, 0x0000000083000000| Untracked 
|  49|0x0000000083100000, 0x0000000083200000, 0x0000000083200000|100%| O|  |TAMS 0x0000000083200000, 0x0000000083100000| Untracked 
|  50|0x0000000083200000, 0x0000000083300000, 0x0000000083300000|100%| O|  |TAMS 0x0000000083300000, 0x0000000083200000| Untracked 
|  51|0x0000000083300000, 0x0000000083400000, 0x0000000083400000|100%| O|  |TAMS 0x0000000083400000, 0x0000000083300000| Untracked 
|  52|0x0000000083400000, 0x0000000083500000, 0x0000000083500000|100%| O|  |TAMS 0x0000000083500000, 0x0000000083400000| Untracked 
|  53|0x0000000083500000, 0x0000000083600000, 0x0000000083600000|100%| O|  |TAMS 0x0000000083600000, 0x0000000083500000| Untracked 
|  54|0x0000000083600000, 0x0000000083700000, 0x0000000083700000|100%| O|  |TAMS 0x0000000083700000, 0x0000000083600000| Untracked 
|  55|0x0000000083700000, 0x0000000083800000, 0x0000000083800000|100%| O|  |TAMS 0x0000000083800000, 0x0000000083700000| Untracked 
|  56|0x0000000083800000, 0x0000000083900000, 0x0000000083900000|100%| O|  |TAMS 0x0000000083900000, 0x0000000083800000| Untracked 
|  57|0x0000000083900000, 0x0000000083a00000, 0x0000000083a00000|100%| O|  |TAMS 0x0000000083a00000, 0x0000000083900000| Untracked 
|  58|0x0000000083a00000, 0x0000000083b00000, 0x0000000083b00000|100%| O|  |TAMS 0x0000000083b00000, 0x0000000083a00000| Untracked 
|  59|0x0000000083b00000, 0x0000000083c00000, 0x0000000083c00000|100%| O|  |TAMS 0x0000000083c00000, 0x0000000083b00000| Untracked 
|  60|0x0000000083c00000, 0x0000000083d00000, 0x0000000083d00000|100%| O|  |TAMS 0x0000000083d00000, 0x0000000083c00000| Untracked 
|  61|0x0000000083d00000, 0x0000000083e00000, 0x0000000083e00000|100%| O|  |TAMS 0x0000000083e00000, 0x0000000083d00000| Untracked 
|  62|0x0000000083e00000, 0x0000000083f00000, 0x0000000083f00000|100%| O|  |TAMS 0x0000000083f00000, 0x0000000083e00000| Untracked 
|  63|0x0000000083f00000, 0x0000000084000000, 0x0000000084000000|100%| O|  |TAMS 0x0000000083f00000, 0x0000000083f00000| Untracked 
|  64|0x0000000084000000, 0x0000000084100000, 0x0000000084100000|100%| O|  |TAMS 0x0000000084100000, 0x0000000084000000| Untracked 
|  65|0x0000000084100000, 0x0000000084200000, 0x0000000084200000|100%| O|  |TAMS 0x0000000084200000, 0x0000000084100000| Untracked 
|  66|0x0000000084200000, 0x0000000084300000, 0x0000000084300000|100%| O|  |TAMS 0x0000000084300000, 0x0000000084200000| Untracked 
|  67|0x0000000084300000, 0x0000000084400000, 0x0000000084400000|100%| O|  |TAMS 0x0000000084300000, 0x0000000084300000| Untracked 
|  68|0x0000000084400000, 0x0000000084500000, 0x0000000084500000|100%| O|  |TAMS 0x0000000084500000, 0x0000000084400000| Untracked 
|  69|0x0000000084500000, 0x0000000084500000, 0x0000000084600000|  0%| F|  |TAMS 0x0000000084500000, 0x0000000084500000| Untracked 
|  70|0x0000000084600000, 0x0000000084700000, 0x0000000084700000|100%| O|  |TAMS 0x0000000084700000, 0x0000000084600000| Untracked 
|  71|0x0000000084700000, 0x0000000084800000, 0x0000000084800000|100%| O|  |TAMS 0x0000000084800000, 0x0000000084700000| Untracked 
|  72|0x0000000084800000, 0x0000000084900000, 0x0000000084900000|100%| O|  |TAMS 0x0000000084900000, 0x0000000084800000| Untracked 
|  73|0x0000000084900000, 0x0000000084a00000, 0x0000000084a00000|100%| O|  |TAMS 0x0000000084a00000, 0x0000000084900000| Untracked 
|  74|0x0000000084a00000, 0x0000000084b00000, 0x0000000084b00000|100%| O|  |TAMS 0x0000000084b00000, 0x0000000084a00000| Untracked 
|  75|0x0000000084b00000, 0x0000000084c00000, 0x0000000084c00000|100%| O|  |TAMS 0x0000000084c00000, 0x0000000084b00000| Untracked 
|  76|0x0000000084c00000, 0x0000000084d00000, 0x0000000084d00000|100%| O|  |TAMS 0x0000000084d00000, 0x0000000084c00000| Untracked 
|  77|0x0000000084d00000, 0x0000000084e00000, 0x0000000084e00000|100%| O|  |TAMS 0x0000000084e00000, 0x0000000084d00000| Untracked 
|  78|0x0000000084e00000, 0x0000000084f00000, 0x0000000084f00000|100%| O|  |TAMS 0x0000000084f00000, 0x0000000084e00000| Untracked 
|  79|0x0000000084f00000, 0x0000000085000000, 0x0000000085000000|100%| O|  |TAMS 0x0000000085000000, 0x0000000084f00000| Untracked 
|  80|0x0000000085000000, 0x0000000085100000, 0x0000000085100000|100%| O|  |TAMS 0x0000000085100000, 0x0000000085000000| Untracked 
|  81|0x0000000085100000, 0x0000000085200000, 0x0000000085200000|100%| O|  |TAMS 0x0000000085200000, 0x0000000085100000| Untracked 
|  82|0x0000000085200000, 0x0000000085300000, 0x0000000085300000|100%| O|  |TAMS 0x0000000085300000, 0x0000000085200000| Untracked 
|  83|0x0000000085300000, 0x0000000085400000, 0x0000000085400000|100%| O|  |TAMS 0x0000000085400000, 0x0000000085300000| Untracked 
|  84|0x0000000085400000, 0x0000000085500000, 0x0000000085500000|100%| O|  |TAMS 0x0000000085500000, 0x0000000085400000| Untracked 
|  85|0x0000000085500000, 0x0000000085600000, 0x0000000085600000|100%| O|  |TAMS 0x0000000085500000, 0x0000000085500000| Untracked 
|  86|0x0000000085600000, 0x0000000085700000, 0x0000000085700000|100%| O|  |TAMS 0x0000000085700000, 0x0000000085600000| Untracked 
|  87|0x0000000085700000, 0x0000000085800000, 0x0000000085800000|100%| O|  |TAMS 0x0000000085800000, 0x0000000085700000| Untracked 
|  88|0x0000000085800000, 0x0000000085900000, 0x0000000085900000|100%| O|  |TAMS 0x0000000085800000, 0x0000000085800000| Untracked 
|  89|0x0000000085900000, 0x0000000085a00000, 0x0000000085a00000|100%|HS|  |TAMS 0x0000000085a00000, 0x0000000085900000| Complete 
|  90|0x0000000085a00000, 0x0000000085b00000, 0x0000000085b00000|100%|HC|  |TAMS 0x0000000085b00000, 0x0000000085a00000| Complete 
|  91|0x0000000085b00000, 0x0000000085c00000, 0x0000000085c00000|100%| O|  |TAMS 0x0000000085b00000, 0x0000000085b00000| Untracked 
|  92|0x0000000085c00000, 0x0000000085d00000, 0x0000000085d00000|100%| O|  |TAMS 0x0000000085d00000, 0x0000000085c00000| Untracked 
|  93|0x0000000085d00000, 0x0000000085e00000, 0x0000000085e00000|100%| O|  |TAMS 0x0000000085d00000, 0x0000000085d00000| Untracked 
|  94|0x0000000085e00000, 0x0000000085f00000, 0x0000000085f00000|100%| O|  |TAMS 0x0000000085f00000, 0x0000000085e00000| Untracked 
|  95|0x0000000085f00000, 0x0000000086000000, 0x0000000086000000|100%| O|  |TAMS 0x0000000086000000, 0x0000000085f00000| Untracked 
|  96|0x0000000086000000, 0x0000000086100000, 0x0000000086100000|100%| O|  |TAMS 0x0000000086100000, 0x0000000086000000| Untracked 
|  97|0x0000000086100000, 0x0000000086200000, 0x0000000086200000|100%| O|  |TAMS 0x0000000086200000, 0x0000000086100000| Untracked 
|  98|0x0000000086200000, 0x0000000086300000, 0x0000000086300000|100%| O|  |TAMS 0x0000000086300000, 0x0000000086200000| Untracked 
|  99|0x0000000086300000, 0x0000000086400000, 0x0000000086400000|100%| O|  |TAMS 0x0000000086300000, 0x0000000086300000| Untracked 
| 100|0x0000000086400000, 0x0000000086500000, 0x0000000086500000|100%| O|  |TAMS 0x0000000086400000, 0x0000000086400000| Untracked 
| 101|0x0000000086500000, 0x0000000086600000, 0x0000000086600000|100%| O|  |TAMS 0x0000000086500000, 0x0000000086500000| Untracked 
| 102|0x0000000086600000, 0x0000000086700000, 0x0000000086700000|100%| O|  |TAMS 0x0000000086600000, 0x0000000086600000| Untracked 
| 103|0x0000000086700000, 0x0000000086800000, 0x0000000086800000|100%| O|  |TAMS 0x0000000086700000, 0x0000000086700000| Untracked 
| 104|0x0000000086800000, 0x0000000086900000, 0x0000000086900000|100%| O|  |TAMS 0x0000000086800000, 0x0000000086800000| Untracked 
| 105|0x0000000086900000, 0x0000000086a00000, 0x0000000086a00000|100%| O|  |TAMS 0x0000000086900000, 0x0000000086900000| Untracked 
| 106|0x0000000086a00000, 0x0000000086b00000, 0x0000000086b00000|100%| O|  |TAMS 0x0000000086a00000, 0x0000000086a00000| Untracked 
| 107|0x0000000086b00000, 0x0000000086c00000, 0x0000000086c00000|100%| O|  |TAMS 0x0000000086b00000, 0x0000000086b00000| Untracked 
| 108|0x0000000086c00000, 0x0000000086d00000, 0x0000000086d00000|100%| O|  |TAMS 0x0000000086c00000, 0x0000000086c00000| Untracked 
| 109|0x0000000086d00000, 0x0000000086e00000, 0x0000000086e00000|100%| O|  |TAMS 0x0000000086d00000, 0x0000000086d00000| Untracked 
| 110|0x0000000086e00000, 0x0000000086f00000, 0x0000000086f00000|100%| O|  |TAMS 0x0000000086e00000, 0x0000000086e00000| Untracked 
| 111|0x0000000086f00000, 0x0000000087000000, 0x0000000087000000|100%| O|  |TAMS 0x0000000086f00000, 0x0000000086f00000| Untracked 
| 112|0x0000000087000000, 0x0000000087100000, 0x0000000087100000|100%| O|  |TAMS 0x0000000087000000, 0x0000000087000000| Untracked 
| 113|0x0000000087100000, 0x0000000087200000, 0x0000000087200000|100%| O|  |TAMS 0x0000000087100000, 0x0000000087100000| Untracked 
| 114|0x0000000087200000, 0x0000000087300000, 0x0000000087300000|100%| O|  |TAMS 0x0000000087200000, 0x0000000087200000| Untracked 
| 115|0x0000000087300000, 0x0000000087400000, 0x0000000087400000|100%| O|  |TAMS 0x0000000087300000, 0x0000000087300000| Untracked 
| 116|0x0000000087400000, 0x0000000087500000, 0x0000000087500000|100%| O|  |TAMS 0x0000000087400000, 0x0000000087400000| Untracked 
| 117|0x0000000087500000, 0x0000000087522400, 0x0000000087600000| 13%| O|  |TAMS 0x0000000087500000, 0x0000000087500000| Untracked 
| 118|0x0000000087600000, 0x0000000087600000, 0x0000000087700000|  0%| F|  |TAMS 0x0000000087600000, 0x0000000087600000| Untracked 
| 119|0x0000000087700000, 0x0000000087700000, 0x0000000087800000|  0%| F|  |TAMS 0x0000000087700000, 0x0000000087700000| Untracked 
| 120|0x0000000087800000, 0x0000000087800000, 0x0000000087900000|  0%| F|  |TAMS 0x0000000087800000, 0x0000000087800000| Untracked 
| 121|0x0000000087900000, 0x0000000087900000, 0x0000000087a00000|  0%| F|  |TAMS 0x0000000087900000, 0x0000000087900000| Untracked 
| 122|0x0000000087a00000, 0x0000000087a00000, 0x0000000087b00000|  0%| F|  |TAMS 0x0000000087a00000, 0x0000000087a00000| Untracked 
| 123|0x0000000087b00000, 0x0000000087b00000, 0x0000000087c00000|  0%| F|  |TAMS 0x0000000087b00000, 0x0000000087b00000| Untracked 
| 124|0x0000000087c00000, 0x0000000087c00000, 0x0000000087d00000|  0%| F|  |TAMS 0x0000000087c00000, 0x0000000087c00000| Untracked 
| 125|0x0000000087d00000, 0x0000000087d00000, 0x0000000087e00000|  0%| F|  |TAMS 0x0000000087d00000, 0x0000000087d00000| Untracked 
| 126|0x0000000087e00000, 0x0000000087e00000, 0x0000000087f00000|  0%| F|  |TAMS 0x0000000087e00000, 0x0000000087e00000| Untracked 
| 127|0x0000000087f00000, 0x0000000087f00000, 0x0000000088000000|  0%| F|  |TAMS 0x0000000087f00000, 0x0000000087f00000| Untracked 
| 128|0x0000000088000000, 0x0000000088000000, 0x0000000088100000|  0%| F|  |TAMS 0x0000000088000000, 0x0000000088000000| Untracked 
| 129|0x0000000088100000, 0x0000000088100000, 0x0000000088200000|  0%| F|  |TAMS 0x0000000088100000, 0x0000000088100000| Untracked 
| 130|0x0000000088200000, 0x0000000088200000, 0x0000000088300000|  0%| F|  |TAMS 0x0000000088200000, 0x0000000088200000| Untracked 
| 131|0x0000000088300000, 0x0000000088300000, 0x0000000088400000|  0%| F|  |TAMS 0x0000000088300000, 0x0000000088300000| Untracked 
| 132|0x0000000088400000, 0x0000000088400000, 0x0000000088500000|  0%| F|  |TAMS 0x0000000088400000, 0x0000000088400000| Untracked 
| 133|0x0000000088500000, 0x0000000088500000, 0x0000000088600000|  0%| F|  |TAMS 0x0000000088500000, 0x0000000088500000| Untracked 
| 134|0x0000000088600000, 0x0000000088600000, 0x0000000088700000|  0%| F|  |TAMS 0x0000000088600000, 0x0000000088600000| Untracked 
| 135|0x0000000088700000, 0x0000000088700000, 0x0000000088800000|  0%| F|  |TAMS 0x0000000088700000, 0x0000000088700000| Untracked 
| 136|0x0000000088800000, 0x0000000088800000, 0x0000000088900000|  0%| F|  |TAMS 0x0000000088800000, 0x0000000088800000| Untracked 
| 137|0x0000000088900000, 0x0000000088900000, 0x0000000088a00000|  0%| F|  |TAMS 0x0000000088900000, 0x0000000088900000| Untracked 
| 138|0x0000000088a00000, 0x0000000088a00000, 0x0000000088b00000|  0%| F|  |TAMS 0x0000000088a00000, 0x0000000088a00000| Untracked 
| 139|0x0000000088b00000, 0x0000000088b00000, 0x0000000088c00000|  0%| F|  |TAMS 0x0000000088b00000, 0x0000000088b00000| Untracked 
| 140|0x0000000088c00000, 0x0000000088c00000, 0x0000000088d00000|  0%| F|  |TAMS 0x0000000088c00000, 0x0000000088c00000| Untracked 
| 141|0x0000000088d00000, 0x0000000088d00000, 0x0000000088e00000|  0%| F|  |TAMS 0x0000000088d00000, 0x0000000088d00000| Untracked 
| 142|0x0000000088e00000, 0x0000000088e00000, 0x0000000088f00000|  0%| F|  |TAMS 0x0000000088e00000, 0x0000000088e00000| Untracked 
| 143|0x0000000088f00000, 0x0000000088f00000, 0x0000000089000000|  0%| F|  |TAMS 0x0000000088f00000, 0x0000000088f00000| Untracked 
| 144|0x0000000089000000, 0x0000000089000000, 0x0000000089100000|  0%| F|  |TAMS 0x0000000089000000, 0x0000000089000000| Untracked 
| 145|0x0000000089100000, 0x0000000089100000, 0x0000000089200000|  0%| F|  |TAMS 0x0000000089100000, 0x0000000089100000| Untracked 
| 146|0x0000000089200000, 0x0000000089200000, 0x0000000089300000|  0%| F|  |TAMS 0x0000000089200000, 0x0000000089200000| Untracked 
| 147|0x0000000089300000, 0x0000000089300000, 0x0000000089400000|  0%| F|  |TAMS 0x0000000089300000, 0x0000000089300000| Untracked 
| 148|0x0000000089400000, 0x0000000089400000, 0x0000000089500000|  0%| F|  |TAMS 0x0000000089400000, 0x0000000089400000| Untracked 
| 149|0x0000000089500000, 0x0000000089500000, 0x0000000089600000|  0%| F|  |TAMS 0x0000000089500000, 0x0000000089500000| Untracked 
| 150|0x0000000089600000, 0x0000000089600000, 0x0000000089700000|  0%| F|  |TAMS 0x0000000089600000, 0x0000000089600000| Untracked 
| 151|0x0000000089700000, 0x0000000089700000, 0x0000000089800000|  0%| F|  |TAMS 0x0000000089700000, 0x0000000089700000| Untracked 
| 152|0x0000000089800000, 0x0000000089800000, 0x0000000089900000|  0%| F|  |TAMS 0x0000000089800000, 0x0000000089800000| Untracked 
| 153|0x0000000089900000, 0x0000000089900000, 0x0000000089a00000|  0%| F|  |TAMS 0x0000000089900000, 0x0000000089900000| Untracked 
| 154|0x0000000089a00000, 0x0000000089a00000, 0x0000000089b00000|  0%| F|  |TAMS 0x0000000089a00000, 0x0000000089a00000| Untracked 
| 155|0x0000000089b00000, 0x0000000089b00000, 0x0000000089c00000|  0%| F|  |TAMS 0x0000000089b00000, 0x0000000089b00000| Untracked 
| 156|0x0000000089c00000, 0x0000000089c00000, 0x0000000089d00000|  0%| F|  |TAMS 0x0000000089c00000, 0x0000000089c00000| Untracked 
| 157|0x0000000089d00000, 0x0000000089d00000, 0x0000000089e00000|  0%| F|  |TAMS 0x0000000089d00000, 0x0000000089d00000| Untracked 
| 158|0x0000000089e00000, 0x0000000089e00000, 0x0000000089f00000|  0%| F|  |TAMS 0x0000000089e00000, 0x0000000089e00000| Untracked 
| 159|0x0000000089f00000, 0x0000000089f00000, 0x000000008a000000|  0%| F|  |TAMS 0x0000000089f00000, 0x0000000089f00000| Untracked 
| 160|0x000000008a000000, 0x000000008a000000, 0x000000008a100000|  0%| F|  |TAMS 0x000000008a000000, 0x000000008a000000| Untracked 
| 161|0x000000008a100000, 0x000000008a100000, 0x000000008a200000|  0%| F|  |TAMS 0x000000008a100000, 0x000000008a100000| Untracked 
| 162|0x000000008a200000, 0x000000008a200000, 0x000000008a300000|  0%| F|  |TAMS 0x000000008a200000, 0x000000008a200000| Untracked 
| 163|0x000000008a300000, 0x000000008a300000, 0x000000008a400000|  0%| F|  |TAMS 0x000000008a300000, 0x000000008a300000| Untracked 
| 164|0x000000008a400000, 0x000000008a400000, 0x000000008a500000|  0%| F|  |TAMS 0x000000008a400000, 0x000000008a400000| Untracked 
| 165|0x000000008a500000, 0x000000008a594a10, 0x000000008a600000| 58%| S|CS|TAMS 0x000000008a500000, 0x000000008a500000| Complete 
| 166|0x000000008a600000, 0x000000008a700000, 0x000000008a700000|100%| S|CS|TAMS 0x000000008a600000, 0x000000008a600000| Complete 
| 167|0x000000008a700000, 0x000000008a800000, 0x000000008a800000|100%| S|CS|TAMS 0x000000008a700000, 0x000000008a700000| Complete 
| 168|0x000000008a800000, 0x000000008a900000, 0x000000008a900000|100%| S|CS|TAMS 0x000000008a800000, 0x000000008a800000| Complete 
| 169|0x000000008a900000, 0x000000008a900000, 0x000000008aa00000|  0%| F|  |TAMS 0x000000008a900000, 0x000000008a900000| Untracked 
| 170|0x000000008aa00000, 0x000000008aa00000, 0x000000008ab00000|  0%| F|  |TAMS 0x000000008aa00000, 0x000000008aa00000| Untracked 
| 171|0x000000008ab00000, 0x000000008ab00000, 0x000000008ac00000|  0%| F|  |TAMS 0x000000008ab00000, 0x000000008ab00000| Untracked 
| 172|0x000000008ac00000, 0x000000008ac00000, 0x000000008ad00000|  0%| F|  |TAMS 0x000000008ac00000, 0x000000008ac00000| Untracked 
| 173|0x000000008ad00000, 0x000000008ad00000, 0x000000008ae00000|  0%| F|  |TAMS 0x000000008ad00000, 0x000000008ad00000| Untracked 
| 174|0x000000008ae00000, 0x000000008ae00000, 0x000000008af00000|  0%| F|  |TAMS 0x000000008ae00000, 0x000000008ae00000| Untracked 
| 175|0x000000008af00000, 0x000000008af00000, 0x000000008b000000|  0%| F|  |TAMS 0x000000008af00000, 0x000000008af00000| Untracked 
| 176|0x000000008b000000, 0x000000008b000000, 0x000000008b100000|  0%| F|  |TAMS 0x000000008b000000, 0x000000008b000000| Untracked 
| 177|0x000000008b100000, 0x000000008b100000, 0x000000008b200000|  0%| F|  |TAMS 0x000000008b100000, 0x000000008b100000| Untracked 
| 178|0x000000008b200000, 0x000000008b200000, 0x000000008b300000|  0%| F|  |TAMS 0x000000008b200000, 0x000000008b200000| Untracked 
| 179|0x000000008b300000, 0x000000008b300000, 0x000000008b400000|  0%| F|  |TAMS 0x000000008b300000, 0x000000008b300000| Untracked 
| 180|0x000000008b400000, 0x000000008b400000, 0x000000008b500000|  0%| F|  |TAMS 0x000000008b400000, 0x000000008b400000| Untracked 
| 181|0x000000008b500000, 0x000000008b500000, 0x000000008b600000|  0%| F|  |TAMS 0x000000008b500000, 0x000000008b500000| Untracked 
| 182|0x000000008b600000, 0x000000008b600000, 0x000000008b700000|  0%| F|  |TAMS 0x000000008b600000, 0x000000008b600000| Untracked 
| 183|0x000000008b700000, 0x000000008b700000, 0x000000008b800000|  0%| F|  |TAMS 0x000000008b700000, 0x000000008b700000| Untracked 
| 184|0x000000008b800000, 0x000000008b800000, 0x000000008b900000|  0%| F|  |TAMS 0x000000008b800000, 0x000000008b800000| Untracked 
| 185|0x000000008b900000, 0x000000008b900000, 0x000000008ba00000|  0%| F|  |TAMS 0x000000008b900000, 0x000000008b900000| Untracked 
| 186|0x000000008ba00000, 0x000000008ba00000, 0x000000008bb00000|  0%| F|  |TAMS 0x000000008ba00000, 0x000000008ba00000| Untracked 
| 187|0x000000008bb00000, 0x000000008bb00000, 0x000000008bc00000|  0%| F|  |TAMS 0x000000008bb00000, 0x000000008bb00000| Untracked 
| 188|0x000000008bc00000, 0x000000008bc00000, 0x000000008bd00000|  0%| F|  |TAMS 0x000000008bc00000, 0x000000008bc00000| Untracked 
| 189|0x000000008bd00000, 0x000000008bd00000, 0x000000008be00000|  0%| F|  |TAMS 0x000000008bd00000, 0x000000008bd00000| Untracked 
| 190|0x000000008be00000, 0x000000008be00000, 0x000000008bf00000|  0%| F|  |TAMS 0x000000008be00000, 0x000000008be00000| Untracked 
| 191|0x000000008bf00000, 0x000000008bf00000, 0x000000008c000000|  0%| F|  |TAMS 0x000000008bf00000, 0x000000008bf00000| Untracked 
| 192|0x000000008c000000, 0x000000008c000000, 0x000000008c100000|  0%| F|  |TAMS 0x000000008c000000, 0x000000008c000000| Untracked 
| 193|0x000000008c100000, 0x000000008c100000, 0x000000008c200000|  0%| F|  |TAMS 0x000000008c100000, 0x000000008c100000| Untracked 
| 194|0x000000008c200000, 0x000000008c200000, 0x000000008c300000|  0%| F|  |TAMS 0x000000008c200000, 0x000000008c200000| Untracked 
| 195|0x000000008c300000, 0x000000008c300000, 0x000000008c400000|  0%| F|  |TAMS 0x000000008c300000, 0x000000008c300000| Untracked 
| 196|0x000000008c400000, 0x000000008c400000, 0x000000008c500000|  0%| F|  |TAMS 0x000000008c400000, 0x000000008c400000| Untracked 
| 197|0x000000008c500000, 0x000000008c500000, 0x000000008c600000|  0%| F|  |TAMS 0x000000008c500000, 0x000000008c500000| Untracked 
| 198|0x000000008c600000, 0x000000008c600000, 0x000000008c700000|  0%| F|  |TAMS 0x000000008c600000, 0x000000008c600000| Untracked 
| 199|0x000000008c700000, 0x000000008c700000, 0x000000008c800000|  0%| F|  |TAMS 0x000000008c700000, 0x000000008c700000| Untracked 
| 200|0x000000008c800000, 0x000000008c800000, 0x000000008c900000|  0%| F|  |TAMS 0x000000008c800000, 0x000000008c800000| Untracked 
| 201|0x000000008c900000, 0x000000008c900000, 0x000000008ca00000|  0%| F|  |TAMS 0x000000008c900000, 0x000000008c900000| Untracked 
| 202|0x000000008ca00000, 0x000000008ca00000, 0x000000008cb00000|  0%| F|  |TAMS 0x000000008ca00000, 0x000000008ca00000| Untracked 
| 203|0x000000008cb00000, 0x000000008cb00000, 0x000000008cc00000|  0%| F|  |TAMS 0x000000008cb00000, 0x000000008cb00000| Untracked 
| 204|0x000000008cc00000, 0x000000008cc00000, 0x000000008cd00000|  0%| F|  |TAMS 0x000000008cc00000, 0x000000008cc00000| Untracked 
| 205|0x000000008cd00000, 0x000000008cd00000, 0x000000008ce00000|  0%| F|  |TAMS 0x000000008cd00000, 0x000000008cd00000| Untracked 
| 206|0x000000008ce00000, 0x000000008ce00000, 0x000000008cf00000|  0%| F|  |TAMS 0x000000008ce00000, 0x000000008ce00000| Untracked 
| 207|0x000000008cf00000, 0x000000008cf00000, 0x000000008d000000|  0%| F|  |TAMS 0x000000008cf00000, 0x000000008cf00000| Untracked 
| 208|0x000000008d000000, 0x000000008d000000, 0x000000008d100000|  0%| F|  |TAMS 0x000000008d000000, 0x000000008d000000| Untracked 
| 209|0x000000008d100000, 0x000000008d100000, 0x000000008d200000|  0%| F|  |TAMS 0x000000008d100000, 0x000000008d100000| Untracked 
| 210|0x000000008d200000, 0x000000008d200000, 0x000000008d300000|  0%| F|  |TAMS 0x000000008d200000, 0x000000008d200000| Untracked 
| 211|0x000000008d300000, 0x000000008d300000, 0x000000008d400000|  0%| F|  |TAMS 0x000000008d300000, 0x000000008d300000| Untracked 
| 212|0x000000008d400000, 0x000000008d400000, 0x000000008d500000|  0%| F|  |TAMS 0x000000008d400000, 0x000000008d400000| Untracked 
| 213|0x000000008d500000, 0x000000008d500000, 0x000000008d600000|  0%| F|  |TAMS 0x000000008d500000, 0x000000008d500000| Untracked 
| 214|0x000000008d600000, 0x000000008d600000, 0x000000008d700000|  0%| F|  |TAMS 0x000000008d600000, 0x000000008d600000| Untracked 
| 215|0x000000008d700000, 0x000000008d700000, 0x000000008d800000|  0%| F|  |TAMS 0x000000008d700000, 0x000000008d700000| Untracked 
| 216|0x000000008d800000, 0x000000008d800000, 0x000000008d900000|  0%| F|  |TAMS 0x000000008d800000, 0x000000008d800000| Untracked 
| 217|0x000000008d900000, 0x000000008d900000, 0x000000008da00000|  0%| F|  |TAMS 0x000000008d900000, 0x000000008d900000| Untracked 
| 218|0x000000008da00000, 0x000000008da00000, 0x000000008db00000|  0%| F|  |TAMS 0x000000008da00000, 0x000000008da00000| Untracked 
| 219|0x000000008db00000, 0x000000008db00000, 0x000000008dc00000|  0%| F|  |TAMS 0x000000008db00000, 0x000000008db00000| Untracked 
| 220|0x000000008dc00000, 0x000000008dc00000, 0x000000008dd00000|  0%| F|  |TAMS 0x000000008dc00000, 0x000000008dc00000| Untracked 
| 221|0x000000008dd00000, 0x000000008dd00000, 0x000000008de00000|  0%| F|  |TAMS 0x000000008dd00000, 0x000000008dd00000| Untracked 
| 222|0x000000008de00000, 0x000000008de00000, 0x000000008df00000|  0%| F|  |TAMS 0x000000008de00000, 0x000000008de00000| Untracked 
| 223|0x000000008df00000, 0x000000008df00000, 0x000000008e000000|  0%| F|  |TAMS 0x000000008df00000, 0x000000008df00000| Untracked 
| 224|0x000000008e000000, 0x000000008e000000, 0x000000008e100000|  0%| F|  |TAMS 0x000000008e000000, 0x000000008e000000| Untracked 
| 225|0x000000008e100000, 0x000000008e100000, 0x000000008e200000|  0%| F|  |TAMS 0x000000008e100000, 0x000000008e100000| Untracked 
| 226|0x000000008e200000, 0x000000008e200000, 0x000000008e300000|  0%| F|  |TAMS 0x000000008e200000, 0x000000008e200000| Untracked 
| 227|0x000000008e300000, 0x000000008e300000, 0x000000008e400000|  0%| F|  |TAMS 0x000000008e300000, 0x000000008e300000| Untracked 
| 228|0x000000008e400000, 0x000000008e400000, 0x000000008e500000|  0%| F|  |TAMS 0x000000008e400000, 0x000000008e400000| Untracked 
| 229|0x000000008e500000, 0x000000008e500000, 0x000000008e600000|  0%| F|  |TAMS 0x000000008e500000, 0x000000008e500000| Untracked 
| 230|0x000000008e600000, 0x000000008e600000, 0x000000008e700000|  0%| F|  |TAMS 0x000000008e600000, 0x000000008e600000| Untracked 
| 231|0x000000008e700000, 0x000000008e700000, 0x000000008e800000|  0%| F|  |TAMS 0x000000008e700000, 0x000000008e700000| Untracked 
| 232|0x000000008e800000, 0x000000008e800000, 0x000000008e900000|  0%| F|  |TAMS 0x000000008e800000, 0x000000008e800000| Untracked 
| 233|0x000000008e900000, 0x000000008e900000, 0x000000008ea00000|  0%| F|  |TAMS 0x000000008e900000, 0x000000008e900000| Untracked 
| 234|0x000000008ea00000, 0x000000008ea00000, 0x000000008eb00000|  0%| F|  |TAMS 0x000000008ea00000, 0x000000008ea00000| Untracked 
| 235|0x000000008eb00000, 0x000000008eb00000, 0x000000008ec00000|  0%| F|  |TAMS 0x000000008eb00000, 0x000000008eb00000| Untracked 
| 236|0x000000008ec00000, 0x000000008ec00000, 0x000000008ed00000|  0%| F|  |TAMS 0x000000008ec00000, 0x000000008ec00000| Untracked 
| 237|0x000000008ed00000, 0x000000008ed00000, 0x000000008ee00000|  0%| F|  |TAMS 0x000000008ed00000, 0x000000008ed00000| Untracked 
| 238|0x000000008ee00000, 0x000000008ee00000, 0x000000008ef00000|  0%| F|  |TAMS 0x000000008ee00000, 0x000000008ee00000| Untracked 
| 239|0x000000008ef00000, 0x000000008ef00000, 0x000000008f000000|  0%| F|  |TAMS 0x000000008ef00000, 0x000000008ef00000| Untracked 
| 240|0x000000008f000000, 0x000000008f000000, 0x000000008f100000|  0%| F|  |TAMS 0x000000008f000000, 0x000000008f000000| Untracked 
| 241|0x000000008f100000, 0x000000008f100000, 0x000000008f200000|  0%| F|  |TAMS 0x000000008f100000, 0x000000008f100000| Untracked 
| 242|0x000000008f200000, 0x000000008f200000, 0x000000008f300000|  0%| F|  |TAMS 0x000000008f200000, 0x000000008f200000| Untracked 
| 243|0x000000008f300000, 0x000000008f300000, 0x000000008f400000|  0%| F|  |TAMS 0x000000008f300000, 0x000000008f300000| Untracked 
| 244|0x000000008f400000, 0x000000008f400000, 0x000000008f500000|  0%| F|  |TAMS 0x000000008f400000, 0x000000008f400000| Untracked 
| 245|0x000000008f500000, 0x000000008f500000, 0x000000008f600000|  0%| F|  |TAMS 0x000000008f500000, 0x000000008f500000| Untracked 
| 246|0x000000008f600000, 0x000000008f600000, 0x000000008f700000|  0%| F|  |TAMS 0x000000008f600000, 0x000000008f600000| Untracked 
| 247|0x000000008f700000, 0x000000008f700000, 0x000000008f800000|  0%| F|  |TAMS 0x000000008f700000, 0x000000008f700000| Untracked 

Card table byte_map: [0x000002f8195f0000,0x000002f8199f0000] _byte_map_base: 0x000002f8191f0000

Marking Bits (Prev, Next): (CMBitMap*) 0x000002f80636c448, (CMBitMap*) 0x000002f80636c480
 Prev Bits: [0x000002f819df0000, 0x000002f81bdf0000)
 Next Bits: [0x000002f81bdf0000, 0x000002f81ddf0000)

Polling page: 0x000002f804280000

Metaspace:

Usage:
  Non-class:     90.51 MB capacity,    88.51 MB ( 98%) used,     1.62 MB (  2%) free+waste,   382.63 KB ( <1%) overhead. 
      Class:     14.33 MB capacity,    13.12 MB ( 92%) used,     1.03 MB (  7%) free+waste,   185.25 KB (  1%) overhead. 
       Both:    104.85 MB capacity,   101.63 MB ( 97%) used,     2.66 MB (  3%) free+waste,   567.88 KB ( <1%) overhead. 

Virtual space:
  Non-class space:       92.00 MB reserved,      90.58 MB ( 98%) committed 
      Class space:        1.00 GB reserved,      14.38 MB (  1%) committed 
             Both:        1.09 GB reserved,     104.95 MB (  9%) committed 

Chunk freelists:
   Non-Class:  4.00 KB
       Class:  0 bytes
        Both:  4.00 KB

MaxMetaspaceSize: 17179869184.00 GB
CompressedClassSpaceSize: 1.00 GB

CodeHeap 'non-profiled nmethods': size=120000Kb used=6391Kb max_used=6391Kb free=113608Kb
 bounds [0x000002f811770000, 0x000002f811db0000, 0x000002f818ca0000]
CodeHeap 'profiled nmethods': size=120000Kb used=35074Kb max_used=35074Kb free=84926Kb
 bounds [0x000002f80a240000, 0x000002f80c490000, 0x000002f811770000]
CodeHeap 'non-nmethods': size=5760Kb used=2302Kb max_used=2339Kb free=3458Kb
 bounds [0x000002f809ca0000, 0x000002f809f10000, 0x000002f80a240000]
 total_blobs=16291 nmethods=15381 adapters=819
 compilation: enabled
              stopped_count=0, restarted_count=0
 full_count=0

Compilation events (20 events):
Event: 19.956 Thread 0x000002f8213d2800 16074       2       com.android.tools.r8.ir.conversion.O$$Lambda$1706/0x0000000100d36440::accept (16 bytes)
Event: 19.957 Thread 0x000002f8213d2800 nmethod 16074 0x000002f80c478590 code [0x000002f80c478760, 0x000002f80c478928]
Event: 19.957 Thread 0x000002f8213d2800 16075       2       com.android.tools.r8.references.Reference::typeFromDescriptor (33 bytes)
Event: 19.957 Thread 0x000002f8213d2800 nmethod 16075 0x000002f80c478b10 code [0x000002f80c478d40, 0x000002f80c479328]
Event: 19.957 Thread 0x000002f8213d2800 16076       2       com.android.tools.r8.t.a.a.a.h.q1::<init> (86 bytes)
Event: 19.958 Thread 0x000002f8213d2800 nmethod 16076 0x000002f80c479690 code [0x000002f80c4798c0, 0x000002f80c479d78]
Event: 19.958 Thread 0x000002f8213d2800 16077       2       com.android.tools.r8.s.b.c0::G2 (16 bytes)
Event: 19.958 Thread 0x000002f8213d2800 nmethod 16077 0x000002f80c479f10 code [0x000002f80c47a0c0, 0x000002f80c47a208]
Event: 19.958 Thread 0x000002f8213d2800 16078       2       com.android.tools.r8.ir.conversion.E::a (31 bytes)
Event: 19.958 Thread 0x000002f8213d2800 nmethod 16078 0x000002f80c47a310 code [0x000002f80c47a4e0, 0x000002f80c47a6d8]
Event: 19.958 Thread 0x000002f8213d2800 16079       2       com.android.tools.r8.s.b.W::<init> (5 bytes)
Event: 19.958 Thread 0x000002f8213d2800 nmethod 16079 0x000002f80c47a890 code [0x000002f80c47aa40, 0x000002f80c47ab68]
Event: 19.958 Thread 0x000002f8213d2800 16080       2       java.util.stream.ForEachOps$ForEachOp::getOpFlags (15 bytes)
Event: 19.958 Thread 0x000002f8213d2800 nmethod 16080 0x000002f80c47ac10 code [0x000002f80c47adc0, 0x000002f80c47aed8]
Event: 19.960 Thread 0x000002f8213d2800 16081       2       com.android.tools.r8.graph.e0$a::g (13 bytes)
Event: 19.960 Thread 0x000002f8213d2800 nmethod 16081 0x000002f80c47af90 code [0x000002f80c47b140, 0x000002f80c47b258]
Event: 19.960 Thread 0x000002f8213d2800 16082       2       com.android.tools.r8.s.b.k0::M0 (38 bytes)
Event: 19.960 Thread 0x000002f8213d2800 nmethod 16082 0x000002f80c47b310 code [0x000002f80c47b500, 0x000002f80c47b788]
Event: 19.960 Thread 0x000002f8213d2800 16083       2       com.android.tools.r8.ir.optimize.j0::b (1573 bytes)
Event: 19.965 Thread 0x000002f8213d2800 nmethod 16083 0x000002f80c47b910 code [0x000002f80c47c280, 0x000002f80c47ff38]

GC Heap History (20 events):
Event: 16.802 GC heap after
{Heap after GC invocations=37 (full 0):
 garbage-first heap   total 210944K, used 100705K [0x0000000080000000, 0x0000000100000000)
  region size 1024K, 3 young (3072K), 3 survivors (3072K)
 Metaspace       used 91101K, capacity 93261K, committed 93520K, reserved 1130496K
  class space    used 11499K, capacity 12260K, committed 12288K, reserved 1048576K
}
Event: 17.167 GC heap before
{Heap before GC invocations=38 (full 0):
 garbage-first heap   total 210944K, used 154977K [0x0000000080000000, 0x0000000100000000)
  region size 1024K, 56 young (57344K), 3 survivors (3072K)
 Metaspace       used 91221K, capacity 93397K, committed 93520K, reserved 1130496K
  class space    used 11499K, capacity 12260K, committed 12288K, reserved 1048576K
}
Event: 17.173 GC heap after
{Heap after GC invocations=39 (full 0):
 garbage-first heap   total 210944K, used 101538K [0x0000000080000000, 0x0000000100000000)
  region size 1024K, 4 young (4096K), 4 survivors (4096K)
 Metaspace       used 91221K, capacity 93397K, committed 93520K, reserved 1130496K
  class space    used 11499K, capacity 12260K, committed 12288K, reserved 1048576K
}
Event: 17.394 GC heap before
{Heap before GC invocations=39 (full 0):
 garbage-first heap   total 210944K, used 158882K [0x0000000080000000, 0x0000000100000000)
  region size 1024K, 60 young (61440K), 4 survivors (4096K)
 Metaspace       used 91292K, capacity 93468K, committed 93520K, reserved 1130496K
  class space    used 11499K, capacity 12260K, committed 12288K, reserved 1048576K
}
Event: 17.407 GC heap after
{Heap after GC invocations=40 (full 0):
 garbage-first heap   total 210944K, used 102834K [0x0000000080000000, 0x0000000100000000)
  region size 1024K, 5 young (5120K), 5 survivors (5120K)
 Metaspace       used 91292K, capacity 93468K, committed 93520K, reserved 1130496K
  class space    used 11499K, capacity 12260K, committed 12288K, reserved 1048576K
}
Event: 17.688 GC heap before
{Heap before GC invocations=41 (full 0):
 garbage-first heap   total 210944K, used 162226K [0x0000000080000000, 0x0000000100000000)
  region size 1024K, 63 young (64512K), 5 survivors (5120K)
 Metaspace       used 91412K, capacity 93535K, committed 93776K, reserved 1130496K
  class space    used 11502K, capacity 12261K, committed 12288K, reserved 1048576K
}
Event: 17.695 GC heap after
{Heap after GC invocations=42 (full 0):
 garbage-first heap   total 210944K, used 104541K [0x0000000080000000, 0x0000000100000000)
  region size 1024K, 5 young (5120K), 5 survivors (5120K)
 Metaspace       used 91412K, capacity 93535K, committed 93776K, reserved 1130496K
  class space    used 11502K, capacity 12261K, committed 12288K, reserved 1048576K
}
Event: 17.991 GC heap before
{Heap before GC invocations=42 (full 0):
 garbage-first heap   total 210944K, used 163933K [0x0000000080000000, 0x0000000100000000)
  region size 1024K, 64 young (65536K), 5 survivors (5120K)
 Metaspace       used 91658K, capacity 93770K, committed 94032K, reserved 1130496K
  class space    used 11515K, capacity 12266K, committed 12288K, reserved 1048576K
}
Event: 17.998 GC heap after
{Heap after GC invocations=43 (full 0):
 garbage-first heap   total 210944K, used 107262K [0x0000000080000000, 0x0000000100000000)
  region size 1024K, 7 young (7168K), 7 survivors (7168K)
 Metaspace       used 91658K, capacity 93770K, committed 94032K, reserved 1130496K
  class space    used 11515K, capacity 12266K, committed 12288K, reserved 1048576K
}
Event: 18.402 GC heap before
{Heap before GC invocations=44 (full 0):
 garbage-first heap   total 210944K, used 169726K [0x0000000080000000, 0x0000000100000000)
  region size 1024K, 66 young (67584K), 7 survivors (7168K)
 Metaspace       used 95263K, capacity 97655K, committed 97744K, reserved 1134592K
  class space    used 12064K, capacity 12911K, committed 12928K, reserved 1048576K
}
Event: 18.411 GC heap after
{Heap after GC invocations=45 (full 0):
 garbage-first heap   total 210944K, used 111142K [0x0000000080000000, 0x0000000100000000)
  region size 1024K, 9 young (9216K), 9 survivors (9216K)
 Metaspace       used 95263K, capacity 97655K, committed 97744K, reserved 1134592K
  class space    used 12064K, capacity 12911K, committed 12928K, reserved 1048576K
}
Event: 18.414 GC heap before
{Heap before GC invocations=45 (full 0):
 garbage-first heap   total 210944K, used 112166K [0x0000000080000000, 0x0000000100000000)
  region size 1024K, 10 young (10240K), 9 survivors (9216K)
 Metaspace       used 95263K, capacity 97655K, committed 97744K, reserved 1134592K
  class space    used 12064K, capacity 12911K, committed 12928K, reserved 1048576K
}
Event: 18.430 GC heap after
{Heap after GC invocations=46 (full 0):
 garbage-first heap   total 253952K, used 107501K [0x0000000080000000, 0x0000000100000000)
  region size 1024K, 2 young (2048K), 2 survivors (2048K)
 Metaspace       used 95263K, capacity 97655K, committed 97744K, reserved 1134592K
  class space    used 12064K, capacity 12911K, committed 12928K, reserved 1048576K
}
Event: 18.861 GC heap before
{Heap before GC invocations=46 (full 0):
 garbage-first heap   total 253952K, used 186349K [0x0000000080000000, 0x0000000100000000)
  region size 1024K, 80 young (81920K), 2 survivors (2048K)
 Metaspace       used 101890K, capacity 104959K, committed 105168K, reserved 1140736K
  class space    used 13228K, capacity 14407K, committed 14464K, reserved 1048576K
}
Event: 18.891 GC heap after
{Heap after GC invocations=47 (full 0):
 garbage-first heap   total 253952K, used 119479K [0x0000000080000000, 0x0000000100000000)
  region size 1024K, 10 young (10240K), 10 survivors (10240K)
 Metaspace       used 101890K, capacity 104959K, committed 105168K, reserved 1140736K
  class space    used 13228K, capacity 14407K, committed 14464K, reserved 1048576K
}
Event: 19.235 GC heap before
{Heap before GC invocations=47 (full 0):
 garbage-first heap   total 253952K, used 192183K [0x0000000080000000, 0x0000000100000000)
  region size 1024K, 81 young (82944K), 10 survivors (10240K)
 Metaspace       used 103319K, capacity 106535K, committed 106704K, reserved 1140736K
  class space    used 13399K, capacity 14646K, committed 14720K, reserved 1048576K
}
Event: 19.265 GC heap after
{Heap after GC invocations=48 (full 0):
 garbage-first heap   total 253952K, used 121896K [0x0000000080000000, 0x0000000100000000)
  region size 1024K, 3 young (3072K), 3 survivors (3072K)
 Metaspace       used 103319K, capacity 106535K, committed 106704K, reserved 1140736K
  class space    used 13399K, capacity 14646K, committed 14720K, reserved 1048576K
}
Event: 19.554 GC heap before
{Heap before GC invocations=48 (full 0):
 garbage-first heap   total 253952K, used 195624K [0x0000000080000000, 0x0000000100000000)
  region size 1024K, 75 young (76800K), 3 survivors (3072K)
 Metaspace       used 103536K, capacity 106795K, committed 106960K, reserved 1142784K
  class space    used 13406K, capacity 14646K, committed 14720K, reserved 1048576K
}
Event: 19.563 GC heap after
{Heap after GC invocations=49 (full 0):
 garbage-first heap   total 253952K, used 121740K [0x0000000080000000, 0x0000000100000000)
  region size 1024K, 3 young (3072K), 3 survivors (3072K)
 Metaspace       used 103536K, capacity 106795K, committed 106960K, reserved 1142784K
  class space    used 13406K, capacity 14646K, committed 14720K, reserved 1048576K
}
Event: 19.965 GC heap before
{Heap before GC invocations=49 (full 0):
 garbage-first heap   total 253952K, used 198540K [0x0000000080000000, 0x0000000100000000)
  region size 1024K, 79 young (80896K), 3 survivors (3072K)
 Metaspace       used 104072K, capacity 107362K, committed 107472K, reserved 1142784K
  class space    used 13434K, capacity 14678K, committed 14720K, reserved 1048576K
}

Deoptimization events (20 events):
Event: 19.759 Thread 0x000002f829648000 DEOPT PACKING pc=0x000002f80c18050e sp=0x000000fda60fb810
Event: 19.759 Thread 0x000002f829648000 DEOPT UNPACKING pc=0x000002f809cc72ce sp=0x000000fda60fac88 mode 0
Event: 19.764 Thread 0x000002f829648000 Uncommon trap: trap_request=0xffffff4d fr.pc=0x000002f811d963f8 relative=0x0000000000000058
Event: 19.764 Thread 0x000002f829648000 Uncommon trap: reason=unstable_if action=reinterpret pc=0x000002f811d963f8 method=com.android.tools.r8.t.a.a.a.f.X$f.hasNext()Z @ 4 c2
Event: 19.764 Thread 0x000002f829648000 DEOPT PACKING pc=0x000002f811d963f8 sp=0x000000fda60fc340
Event: 19.764 Thread 0x000002f829648000 DEOPT UNPACKING pc=0x000002f809cc74af sp=0x000000fda60fc2c8 mode 2
Event: 19.788 Thread 0x000002f829648000 DEOPT PACKING pc=0x000002f80c18050e sp=0x000000fda60fc4d0
Event: 19.788 Thread 0x000002f829648000 DEOPT UNPACKING pc=0x000002f809cc72ce sp=0x000000fda60fb948 mode 0
Event: 19.799 Thread 0x000002f829648000 Uncommon trap: trap_request=0xffffffc6 fr.pc=0x000002f81179e784 relative=0x0000000000000124
Event: 19.799 Thread 0x000002f829648000 Uncommon trap: reason=bimorphic_or_optimized_type_check action=maybe_recompile pc=0x000002f81179e784 method=com.android.tools.r8.s.a.p.u.G()Z @ 29 c2
Event: 19.799 Thread 0x000002f829648000 DEOPT PACKING pc=0x000002f81179e784 sp=0x000000fda60fbef0
Event: 19.799 Thread 0x000002f829648000 DEOPT UNPACKING pc=0x000002f809cc74af sp=0x000000fda60fbe88 mode 2
Event: 19.799 Thread 0x000002f829648000 Uncommon trap: trap_request=0xffffffc6 fr.pc=0x000002f81179e784 relative=0x0000000000000124
Event: 19.799 Thread 0x000002f829648000 Uncommon trap: reason=bimorphic_or_optimized_type_check action=maybe_recompile pc=0x000002f81179e784 method=com.android.tools.r8.s.a.p.u.G()Z @ 29 c2
Event: 19.799 Thread 0x000002f829648000 DEOPT PACKING pc=0x000002f81179e784 sp=0x000000fda60fbef0
Event: 19.799 Thread 0x000002f829648000 DEOPT UNPACKING pc=0x000002f809cc74af sp=0x000000fda60fbe88 mode 2
Event: 19.817 Thread 0x000002f829648000 DEOPT PACKING pc=0x000002f80c18050e sp=0x000000fda60fc0a0
Event: 19.817 Thread 0x000002f829648000 DEOPT UNPACKING pc=0x000002f809cc72ce sp=0x000000fda60fb518 mode 0
Event: 19.845 Thread 0x000002f829648000 DEOPT PACKING pc=0x000002f80c16bafa sp=0x000000fda60fbf60
Event: 19.845 Thread 0x000002f829648000 DEOPT UNPACKING pc=0x000002f809cc72ce sp=0x000000fda60fb730 mode 0

Classes redefined (0 events):
No events

Internal exceptions (20 events):
Event: 19.768 Thread 0x000002f82205a000 Exception <a 'sun/nio/fs/WindowsException'{0x000000008d0e9028}> (0x000000008d0e9028) thrown at [./src/hotspot/share/prims/jni.cpp, line 615]
Event: 19.769 Thread 0x000002f82205a000 Exception <a 'sun/nio/fs/WindowsException'{0x000000008d0f1b98}> (0x000000008d0f1b98) thrown at [./src/hotspot/share/prims/jni.cpp, line 615]
Event: 19.771 Thread 0x000002f82205a000 Exception <a 'sun/nio/fs/WindowsException'{0x000000008d0fa708}> (0x000000008d0fa708) thrown at [./src/hotspot/share/prims/jni.cpp, line 615]
Event: 19.773 Thread 0x000002f82205a000 Exception <a 'sun/nio/fs/WindowsException'{0x000000008cdf1260}> (0x000000008cdf1260) thrown at [./src/hotspot/share/prims/jni.cpp, line 615]
Event: 19.774 Thread 0x000002f82205a000 Exception <a 'sun/nio/fs/WindowsException'{0x000000008cdfa138}> (0x000000008cdfa138) thrown at [./src/hotspot/share/prims/jni.cpp, line 615]
Event: 19.776 Thread 0x000002f82205a000 Exception <a 'sun/nio/fs/WindowsException'{0x000000008ccf0b40}> (0x000000008ccf0b40) thrown at [./src/hotspot/share/prims/jni.cpp, line 615]
Event: 19.777 Thread 0x000002f82205a000 Exception <a 'sun/nio/fs/WindowsException'{0x000000008ccf96b0}> (0x000000008ccf96b0) thrown at [./src/hotspot/share/prims/jni.cpp, line 615]
Event: 19.779 Thread 0x000002f82205a000 Exception <a 'sun/nio/fs/WindowsException'{0x000000008cbf00b0}> (0x000000008cbf00b0) thrown at [./src/hotspot/share/prims/jni.cpp, line 615]
Event: 19.781 Thread 0x000002f82205a000 Exception <a 'sun/nio/fs/WindowsException'{0x000000008cbf8c20}> (0x000000008cbf8c20) thrown at [./src/hotspot/share/prims/jni.cpp, line 615]
Event: 19.782 Thread 0x000002f82205a000 Exception <a 'sun/nio/fs/WindowsException'{0x000000008caef628}> (0x000000008caef628) thrown at [./src/hotspot/share/prims/jni.cpp, line 615]
Event: 19.784 Thread 0x000002f82205a000 Exception <a 'sun/nio/fs/WindowsException'{0x000000008caf8230}> (0x000000008caf8230) thrown at [./src/hotspot/share/prims/jni.cpp, line 615]
Event: 19.786 Thread 0x000002f82205a000 Exception <a 'sun/nio/fs/WindowsException'{0x000000008c9eec90}> (0x000000008c9eec90) thrown at [./src/hotspot/share/prims/jni.cpp, line 615]
Event: 19.787 Thread 0x000002f82205a000 Exception <a 'sun/nio/fs/WindowsException'{0x000000008c9f77e0}> (0x000000008c9f77e0) thrown at [./src/hotspot/share/prims/jni.cpp, line 615]
Event: 19.789 Thread 0x000002f82205a000 Exception <a 'sun/nio/fs/WindowsException'{0x000000008c8ee1f8}> (0x000000008c8ee1f8) thrown at [./src/hotspot/share/prims/jni.cpp, line 615]
Event: 19.793 Thread 0x000002f82205a000 Exception <a 'sun/nio/fs/WindowsException'{0x000000008c78df18}> (0x000000008c78df18) thrown at [./src/hotspot/share/prims/jni.cpp, line 615]
Event: 19.795 Thread 0x000002f82205a000 Exception <a 'sun/nio/fs/WindowsException'{0x000000008c7d6a70}> (0x000000008c7d6a70) thrown at [./src/hotspot/share/prims/jni.cpp, line 615]
Event: 19.796 Thread 0x000002f82205a000 Exception <a 'sun/nio/fs/WindowsException'{0x000000008c7df5c0}> (0x000000008c7df5c0) thrown at [./src/hotspot/share/prims/jni.cpp, line 615]
Event: 19.797 Thread 0x000002f82205a000 Exception <a 'sun/nio/fs/WindowsException'{0x000000008c7e8130}> (0x000000008c7e8130) thrown at [./src/hotspot/share/prims/jni.cpp, line 615]
Event: 19.800 Thread 0x000002f82205a000 Exception <a 'sun/nio/fs/WindowsException'{0x000000008c7f0f20}> (0x000000008c7f0f20) thrown at [./src/hotspot/share/prims/jni.cpp, line 615]
Event: 19.802 Thread 0x000002f82205a000 Exception <a 'sun/nio/fs/WindowsException'{0x000000008c5c2328}> (0x000000008c5c2328) thrown at [./src/hotspot/share/prims/jni.cpp, line 615]

Events (20 events):
Event: 19.723 loading class com/android/tools/r8/graph/J$h done
Event: 19.733 loading class com/android/tools/r8/dex/l
Event: 19.733 loading class com/android/tools/r8/dex/l done
Event: 19.736 loading class com/android/tools/r8/q/a/a/d/p
Event: 19.736 loading class com/android/tools/r8/q/a/a/d/p done
Event: 19.737 loading class com/android/tools/r8/q/a/a/d/o
Event: 19.737 loading class com/android/tools/r8/q/a/a/d/o done
Event: 19.737 loading class com/android/tools/r8/q/a/a/d/n
Event: 19.737 loading class com/android/tools/r8/q/a/a/d/n done
Event: 19.738 Executing VM operation: ICBufferFull
Event: 19.739 Executing VM operation: ICBufferFull done
Event: 19.777 Executing VM operation: ICBufferFull
Event: 19.778 Executing VM operation: ICBufferFull done
Event: 19.791 loading class com/android/tools/r8/graph/Z0
Event: 19.791 loading class com/android/tools/r8/graph/Z0 done
Event: 19.792 loading class com/android/tools/r8/graph/Z0
Event: 19.792 loading class com/android/tools/r8/graph/Z0 done
Event: 19.819 Executing VM operation: ICBufferFull
Event: 19.819 Executing VM operation: ICBufferFull done
Event: 19.965 Executing VM operation: G1CollectForAllocation


Dynamic libraries:
0x00007ff74d470000 - 0x00007ff74d47a000 	C:\Program Files\Android\Android Studio\jre\bin\java.exe
0x00007ffa86c30000 - 0x00007ffa86e25000 	C:\Windows\SYSTEM32\ntdll.dll
0x00007ffa86610000 - 0x00007ffa866cd000 	C:\Windows\System32\KERNEL32.DLL
0x00007ffa84610000 - 0x00007ffa848d8000 	C:\Windows\System32\KERNELBASE.dll
0x00007ffa813c0000 - 0x00007ffa81450000 	C:\Windows\SYSTEM32\apphelp.dll
0x00007ffa843d0000 - 0x00007ffa844d0000 	C:\Windows\System32\ucrtbase.dll
0x00007ffa34be0000 - 0x00007ffa34bf9000 	C:\Program Files\Android\Android Studio\jre\bin\jli.dll
0x00007ffa32c50000 - 0x00007ffa32c67000 	C:\Program Files\Android\Android Studio\jre\bin\VCRUNTIME140.dll
0x00007ffa85ab0000 - 0x00007ffa85c50000 	C:\Windows\System32\USER32.dll
0x00007ffa845e0000 - 0x00007ffa84602000 	C:\Windows\System32\win32u.dll
0x00007ffa758a0000 - 0x00007ffa75b3a000 	C:\Windows\WinSxS\amd64_microsoft.windows.common-controls_6595b64144ccf1df_6.0.19041.844_none_ca00b6081b84eb1d\COMCTL32.dll
0x00007ffa84f20000 - 0x00007ffa84f4a000 	C:\Windows\System32\GDI32.dll
0x00007ffa866d0000 - 0x00007ffa8676e000 	C:\Windows\System32\msvcrt.dll
0x00007ffa844d0000 - 0x00007ffa845db000 	C:\Windows\System32\gdi32full.dll
0x00007ffa848e0000 - 0x00007ffa8497d000 	C:\Windows\System32\msvcp_win.dll
0x00007ffa85a80000 - 0x00007ffa85ab0000 	C:\Windows\System32\IMM32.DLL
0x00007ffa1a520000 - 0x00007ffa1a5bd000 	C:\Program Files\Android\Android Studio\jre\bin\msvcp140.dll
0x00007ffa338e0000 - 0x00007ffa3439c000 	C:\Program Files\Android\Android Studio\jre\bin\server\jvm.dll
0x00007ffa85110000 - 0x00007ffa851bc000 	C:\Windows\System32\ADVAPI32.dll
0x00007ffa857e0000 - 0x00007ffa8587b000 	C:\Windows\System32\sechost.dll
0x00007ffa85240000 - 0x00007ffa8536b000 	C:\Windows\System32\RPCRT4.dll
0x00007ffa86600000 - 0x00007ffa86608000 	C:\Windows\System32\PSAPI.DLL
0x00007ffa7e8b0000 - 0x00007ffa7e8b9000 	C:\Windows\SYSTEM32\WSOCK32.dll
0x00007ffa79f70000 - 0x00007ffa79f7a000 	C:\Windows\SYSTEM32\VERSION.dll
0x00007ffa7a0f0000 - 0x00007ffa7a117000 	C:\Windows\SYSTEM32\WINMM.dll
0x00007ffa85a10000 - 0x00007ffa85a7b000 	C:\Windows\System32\WS2_32.dll
0x00007ffa82c90000 - 0x00007ffa82ca2000 	C:\Windows\SYSTEM32\kernel.appcore.dll
0x00007ffa7e820000 - 0x00007ffa7e831000 	C:\Program Files\Android\Android Studio\jre\bin\verify.dll
0x00007ffa824a0000 - 0x00007ffa82684000 	C:\Windows\SYSTEM32\DBGHELP.DLL
0x00007ffa6ff70000 - 0x00007ffa6ff9c000 	C:\Windows\SYSTEM32\dbgcore.DLL
0x00007ffa84a30000 - 0x00007ffa84ab0000 	C:\Windows\System32\bcryptPrimitives.dll
0x00007ffa7e7f0000 - 0x00007ffa7e819000 	C:\Program Files\Android\Android Studio\jre\bin\java.dll
0x00007ffa7e7e0000 - 0x00007ffa7e7eb000 	C:\Program Files\Android\Android Studio\jre\bin\jimage.dll
0x00007ffa7e7c0000 - 0x00007ffa7e7d8000 	C:\Program Files\Android\Android Studio\jre\bin\zip.dll
0x00007ffa85cb0000 - 0x00007ffa863f2000 	C:\Windows\System32\SHELL32.dll
0x00007ffa81c30000 - 0x00007ffa823c1000 	C:\Windows\SYSTEM32\windows.storage.dll
0x00007ffa85480000 - 0x00007ffa857d5000 	C:\Windows\System32\combase.dll
0x00007ffa83d70000 - 0x00007ffa83d9c000 	C:\Windows\SYSTEM32\Wldp.dll
0x00007ffa85060000 - 0x00007ffa8510e000 	C:\Windows\System32\SHCORE.dll
0x00007ffa85000000 - 0x00007ffa85055000 	C:\Windows\System32\shlwapi.dll
0x00007ffa842b0000 - 0x00007ffa842cf000 	C:\Windows\SYSTEM32\profapi.dll
0x00007ffa7dc30000 - 0x00007ffa7dc4a000 	C:\Program Files\Android\Android Studio\jre\bin\net.dll
0x00007ffa74990000 - 0x00007ffa74a9b000 	C:\Windows\SYSTEM32\WINHTTP.dll
0x00007ffa83a80000 - 0x00007ffa83aea000 	C:\Windows\system32\mswsock.dll
0x00007ffa7cbc0000 - 0x00007ffa7cbd4000 	C:\Program Files\Android\Android Studio\jre\bin\nio.dll
0x00007ffa35270000 - 0x00007ffa35297000 	C:\Users\mihai\.gradle\native\f6784746aeab05261644944871eae4fe03e0ef1612fff0a4a95f87b438bc6780\windows-amd64\native-platform.dll
0x00007ffa7d5b0000 - 0x00007ffa7d5ba000 	C:\Program Files\Android\Android Studio\jre\bin\management.dll
0x00007ffa7d4d0000 - 0x00007ffa7d4dc000 	C:\Program Files\Android\Android Studio\jre\bin\management_ext.dll
0x00007ffa83c60000 - 0x00007ffa83c78000 	C:\Windows\SYSTEM32\CRYPTSP.dll
0x00007ffa83420000 - 0x00007ffa83454000 	C:\Windows\system32\rsaenh.dll
0x00007ffa84ab0000 - 0x00007ffa84ad7000 	C:\Windows\System32\bcrypt.dll
0x00007ffa84230000 - 0x00007ffa8425e000 	C:\Windows\SYSTEM32\USERENV.dll
0x00007ffa83c50000 - 0x00007ffa83c5c000 	C:\Windows\SYSTEM32\CRYPTBASE.dll
0x00007ffa83770000 - 0x00007ffa837ab000 	C:\Windows\SYSTEM32\IPHLPAPI.DLL
0x00007ffa86be0000 - 0x00007ffa86be8000 	C:\Windows\System32\NSI.dll
0x00007ffa7a520000 - 0x00007ffa7a537000 	C:\Windows\SYSTEM32\dhcpcsvc6.DLL
0x00007ffa7cec0000 - 0x00007ffa7cedd000 	C:\Windows\SYSTEM32\dhcpcsvc.DLL
0x00007ffa837b0000 - 0x00007ffa8387c000 	C:\Windows\SYSTEM32\DNSAPI.dll
0x00007ffa7bea0000 - 0x00007ffa7beab000 	C:\Windows\SYSTEM32\WINNSI.DLL

dbghelp: loaded successfully - version: 4.0.5 - missing functions: none
symbol engine: initialized successfully - sym options: 0x614 - pdb path: .;C:\Program Files\Android\Android Studio\jre\bin;C:\Windows\SYSTEM32;C:\Windows\WinSxS\amd64_microsoft.windows.common-controls_6595b64144ccf1df_6.0.19041.844_none_ca00b6081b84eb1d;C:\Program Files\Android\Android Studio\jre\bin\server;C:\Users\mihai\.gradle\native\f6784746aeab05261644944871eae4fe03e0ef1612fff0a4a95f87b438bc6780\windows-amd64

VM Arguments:
jvm_args: --add-opens=java.base/java.util=ALL-UNNAMED --add-opens=java.base/java.lang=ALL-UNNAMED --add-opens=java.base/java.lang.invoke=ALL-UNNAMED --add-opens=java.prefs/java.util.prefs=ALL-UNNAMED -Xmx2048m -Dfile.encoding=UTF-8 -Duser.country=GB -Duser.language=en -Duser.variant 
java_command: org.gradle.launcher.daemon.bootstrap.GradleDaemon 6.5
java_class_path (initial): C:\Users\mihai\.gradle\wrapper\dists\gradle-6.5-bin\6nifqtx7604sqp1q6g8wikw7p\gradle-6.5\lib\gradle-launcher-6.5.jar
Launcher Type: SUN_STANDARD

[Global flags]
     intx CICompilerCount                          = 4                                         {product} {ergonomic}
     uint ConcGCThreads                            = 3                                         {product} {ergonomic}
     uint G1ConcRefinementThreads                  = 10                                        {product} {ergonomic}
   size_t G1HeapRegionSize                         = 1048576                                   {product} {ergonomic}
    uintx GCDrainStackTargetSize                   = 64                                        {product} {ergonomic}
   size_t InitialHeapSize                          = 123731968                                 {product} {ergonomic}
   size_t MarkStackSize                            = 4194304                                   {product} {ergonomic}
   size_t MaxHeapSize                              = 2147483648                                {product} {command line}
   size_t MaxNewSize                               = 1287651328                                {product} {ergonomic}
   size_t MinHeapDeltaBytes                        = 1048576                                   {product} {ergonomic}
    uintx NonNMethodCodeHeapSize                   = 5836300                                {pd product} {ergonomic}
    uintx NonProfiledCodeHeapSize                  = 122910970                              {pd product} {ergonomic}
    uintx ProfiledCodeHeapSize                     = 122910970                              {pd product} {ergonomic}
    uintx ReservedCodeCacheSize                    = 251658240                              {pd product} {ergonomic}
     bool SegmentedCodeCache                       = true                                      {product} {ergonomic}
     bool UseCompressedClassPointers               = true                                 {lp64_product} {ergonomic}
     bool UseCompressedOops                        = true                                 {lp64_product} {ergonomic}
     bool UseG1GC                                  = true                                      {product} {ergonomic}
     bool UseLargePagesIndividualAllocation        = false                                  {pd product} {ergonomic}

Logging:
Log output configuration:
 #0: stdout all=warning uptime,level,tags
 #1: stderr all=off uptime,level,tags

Environment Variables:
JAVA_HOME=C:\Program Files\Java\jdk1.8.0_271
PATH=C:\Program Files (x86)\Common Files\Oracle\Java\javapath;C:\Windows\system32;C:\Windows;C:\Windows\System32\Wbem;C:\Windows\System32\WindowsPowerShell\v1.0\;C:\Windows\System32\OpenSSH\;C:\Program Files\Java\jdk1.8.0_271\bin;C:\Users\mihai\AppData\Local\Microsoft\WindowsApps;;C:\Users\mihai\AppData\Local\Programs\Microsoft VS Code\bin;C:\Program Files\JetBrains\IntelliJ IDEA Community Edition 2020.3\bin;
USERNAME=mihai
OS=Windows_NT
PROCESSOR_IDENTIFIER=AMD64 Family 23 Model 96 Stepping 1, AuthenticAMD



---------------  S Y S T E M  ---------------

OS: Windows 10 , 64 bit Build 19041 (10.0.19041.928)
OS uptime: 29 days 7:34 hours

CPU:total 12 (initial active 12) (12 cores per cpu, 2 threads per core) family 23 model 96 stepping 1, cmov, cx8, fxsr, mmx, sse, sse2, sse3, ssse3, sse4.1, sse4.2, popcnt, avx, avx2, aes, clmul, mmxext, 3dnowpref, lzcnt, sse4a, ht, tsc, tscinvbit, tscinv, bmi1, bmi2, adx, sha, fma

Memory: 4k page, system-wide physical 7549M (239M free)
TotalPageFile size 22909M (AvailPageFile size 73M)
current process WorkingSet (physical memory assigned to process): 384M, peak: 452M
current process commit charge ("private bytes"): 580M, peak: 730M

vm_info: OpenJDK 64-Bit Server VM (11.0.8+10-b944.6842174) for windows-amd64 JRE (11.0.8+10-b944.6842174), built on Sep 19 2020 01:11:42 by "builder" with MS VC++ 14.0 (VS2015)

END.
